#
# There is insufficient memory for the Java Runtime Environment to continue.
# Native memory allocation (malloc) failed to allocate 32744 bytes for ChunkPool::allocate
# Possible reasons:
#   The system is out of physical RAM or swap space
#   The process is running with CompressedOops enabled, and the Java Heap may be blocking the growth of the native heap
# Possible solutions:
#   Reduce memory load on the system
#   Increase physical memory or swap space
#   Check if swap backing store is full
#   Decrease Java heap size (-Xmx/-Xms)
#   Decrease number of Java threads
#   Decrease Java thread stack sizes (-Xss)
#   Set larger code cache with -XX:ReservedCodeCacheSize=
#   JVM is running with Unscaled Compressed Oops mode in which the Java heap is
#     placed in the first 4GB address space. The Java Heap base address is the
#     maximum limit for the native heap growth. Please use -XX:HeapBaseMinAddress
#     to set the Java Heap base and to place the Java Heap above 4GB virtual address.
# This output file may be truncated or incomplete.
#
#  Out of Memory Error (arena.cpp:81), pid=9848, tid=10280
#
# JRE version: OpenJDK Runtime Environment Microsoft-8035250 (11.0.20+8) (build 11.0.20+8-LTS)
# Java VM: OpenJDK 64-Bit Server VM Microsoft-8035250 (11.0.20+8-LTS, mixed mode, tiered, compressed oops, g1 gc, windows-amd64)
# No core dump will be written. Minidumps are not enabled by default on client versions of Windows
#

---------------  S U M M A R Y ------------

Command Line: -Xmx64m -Xms64m -Dorg.gradle.appname=gradlew org.gradle.wrapper.GradleWrapperMain tasks

Host: Intel(R) Core(TM) i3-4010U CPU @ 1.70GHz, 4 cores, 5G,  Windows 10 , 64 bit Build 19041 (10.0.19041.3636)
Time: Sat Nov 25 17:59:42 2023 India Standard Time elapsed time: 0.173846 seconds (0d 0h 0m 0s)

---------------  T H R E A D  ---------------

Current thread (0x000002425c2bf800):  JavaThread "C2 CompilerThread0" daemon [_thread_in_native, id=10280, stack(0x0000008831200000,0x0000008831300000)]


Current CompileTask:
C2:    174   20       4       java.lang.StringLatin1::hashCode (42 bytes)

Stack: [0x0000008831200000,0x0000008831300000]
Native frames: (J=compiled Java code, j=interpreted, Vv=VM code, C=native code)
V  [jvm.dll+0x62e9da]
V  [jvm.dll+0x7bc4e9]
V  [jvm.dll+0x7bdbd8]
V  [jvm.dll+0x7be2b3]
V  [jvm.dll+0x2505a8]
V  [jvm.dll+0xc289b]
V  [jvm.dll+0xc2bfc]
V  [jvm.dll+0x682624]
V  [jvm.dll+0x19f100]
V  [jvm.dll+0x2098c5]
V  [jvm.dll+0x20893d]
V  [jvm.dll+0x18a7de]
V  [jvm.dll+0x2181ec]
V  [jvm.dll+0x21642b]
V  [jvm.dll+0x77efc0]
V  [jvm.dll+0x777db4]
V  [jvm.dll+0x62d845]
C  [ucrtbase.dll+0x21bb2]
C  [KERNEL32.DLL+0x17344]
C  [ntdll.dll+0x526b1]


---------------  P R O C E S S  ---------------

Threads class SMR info:
_java_thread_list=0x000002425c312010, length=9, elements={
0x000002423fc5d000, 0x000002425c2a8800, 0x000002425c2b1800, 0x000002425c313800,
0x000002425c316000, 0x000002425c2bd800, 0x000002425c2bf800, 0x000002425c322800,
0x000002425c32d800
}

Java Threads: ( => current thread )
  0x000002423fc5d000 JavaThread "main" [_thread_in_vm, id=2380, stack(0x0000008830600000,0x0000008830700000)]
  0x000002425c2a8800 JavaThread "Reference Handler" daemon [_thread_blocked, id=9432, stack(0x0000008830d00000,0x0000008830e00000)]
  0x000002425c2b1800 JavaThread "Finalizer" daemon [_thread_blocked, id=11020, stack(0x0000008830e00000,0x0000008830f00000)]
  0x000002425c313800 JavaThread "Signal Dispatcher" daemon [_thread_blocked, id=6604, stack(0x0000008830f00000,0x0000008831000000)]
  0x000002425c316000 JavaThread "Attach Listener" daemon [_thread_blocked, id=7664, stack(0x0000008831000000,0x0000008831100000)]
  0x000002425c2bd800 JavaThread "Service Thread" daemon [_thread_blocked, id=5688, stack(0x0000008831100000,0x0000008831200000)]
=>0x000002425c2bf800 JavaThread "C2 CompilerThread0" daemon [_thread_in_native, id=10280, stack(0x0000008831200000,0x0000008831300000)]
  0x000002425c322800 JavaThread "C1 CompilerThread0" daemon [_thread_in_native, id=2304, stack(0x0000008831300000,0x0000008831400000)]
  0x000002425c32d800 JavaThread "Sweeper thread" daemon [_thread_blocked, id=8232, stack(0x0000008831400000,0x0000008831500000)]

Other Threads:
  0x000002425c282000 VMThread "VM Thread" [stack: 0x0000008830c00000,0x0000008830d00000] [id=11248]
  0x0000024241caa800 GCTaskThread "GC Thread#0" [stack: 0x0000008830700000,0x0000008830800000] [id=3668]
  0x0000024241cb5000 ConcurrentGCThread "G1 Main Marker" [stack: 0x0000008830800000,0x0000008830900000] [id=7896]
  0x0000024241cb8000 ConcurrentGCThread "G1 Conc#0" [stack: 0x0000008830900000,0x0000008830a00000] [id=5552]
  0x0000024241d0e000 ConcurrentGCThread "G1 Refine#0" [stack: 0x0000008830a00000,0x0000008830b00000] [id=868]
  0x0000024241d11000 ConcurrentGCThread "G1 Young RemSet Sampling" [stack: 0x0000008830b00000,0x0000008830c00000] [id=3964]

Threads with active compile tasks:
C2 CompilerThread0      239   20       4       java.lang.StringLatin1::hashCode (42 bytes)

VM state:not at safepoint (normal execution)

VM Mutex/Monitor currently owned by a thread: None

Heap address: 0x00000000fc000000, size: 64 MB, Compressed Oops mode: 32-bit
Narrow klass base: 0x0000000000000000, Narrow klass shift: 3
Compressed class space size: 1073741824 Address: 0x0000000100000000

Heap:
 garbage-first heap   total 65536K, used 1024K [0x00000000fc000000, 0x0000000100000000)
  region size 1024K, 2 young (2048K), 0 survivors (0K)
 Metaspace       used 3177K, capacity 4480K, committed 4480K, reserved 1056768K
  class space    used 270K, capacity 384K, committed 384K, reserved 1048576K
Heap Regions: E=young(eden), S=young(survivor), O=old, HS=humongous(starts), HC=humongous(continues), CS=collection set, F=free, A=archive, TAMS=top-at-mark-start (previous, next)
|   0|0x00000000fc000000, 0x00000000fc000000, 0x00000000fc100000|  0%| F|  |TAMS 0x00000000fc000000, 0x00000000fc000000| Untracked 
|   1|0x00000000fc100000, 0x00000000fc100000, 0x00000000fc200000|  0%| F|  |TAMS 0x00000000fc100000, 0x00000000fc100000| Untracked 
|   2|0x00000000fc200000, 0x00000000fc200000, 0x00000000fc300000|  0%| F|  |TAMS 0x00000000fc200000, 0x00000000fc200000| Untracked 
|   3|0x00000000fc300000, 0x00000000fc300000, 0x00000000fc400000|  0%| F|  |TAMS 0x00000000fc300000, 0x00000000fc300000| Untracked 
|   4|0x00000000fc400000, 0x00000000fc400000, 0x00000000fc500000|  0%| F|  |TAMS 0x00000000fc400000, 0x00000000fc400000| Untracked 
|   5|0x00000000fc500000, 0x00000000fc500000, 0x00000000fc600000|  0%| F|  |TAMS 0x00000000fc500000, 0x00000000fc500000| Untracked 
|   6|0x00000000fc600000, 0x00000000fc600000, 0x00000000fc700000|  0%| F|  |TAMS 0x00000000fc600000, 0x00000000fc600000| Untracked 
|   7|0x00000000fc700000, 0x00000000fc700000, 0x00000000fc800000|  0%| F|  |TAMS 0x00000000fc700000, 0x00000000fc700000| Untracked 
|   8|0x00000000fc800000, 0x00000000fc800000, 0x00000000fc900000|  0%| F|  |TAMS 0x00000000fc800000, 0x00000000fc800000| Untracked 
|   9|0x00000000fc900000, 0x00000000fc900000, 0x00000000fca00000|  0%| F|  |TAMS 0x00000000fc900000, 0x00000000fc900000| Untracked 
|  10|0x00000000fca00000, 0x00000000fca00000, 0x00000000fcb00000|  0%| F|  |TAMS 0x00000000fca00000, 0x00000000fca00000| Untracked 
|  11|0x00000000fcb00000, 0x00000000fcb00000, 0x00000000fcc00000|  0%| F|  |TAMS 0x00000000fcb00000, 0x00000000fcb00000| Untracked 
|  12|0x00000000fcc00000, 0x00000000fcc00000, 0x00000000fcd00000|  0%| F|  |TAMS 0x00000000fcc00000, 0x00000000fcc00000| Untracked 
|  13|0x00000000fcd00000, 0x00000000fcd00000, 0x00000000fce00000|  0%| F|  |TAMS 0x00000000fcd00000, 0x00000000fcd00000| Untracked 
|  14|0x00000000fce00000, 0x00000000fce00000, 0x00000000fcf00000|  0%| F|  |TAMS 0x00000000fce00000, 0x00000000fce00000| Untracked 
|  15|0x00000000fcf00000, 0x00000000fcf00000, 0x00000000fd000000|  0%| F|  |TAMS 0x00000000fcf00000, 0x00000000fcf00000| Untracked 
|  16|0x00000000fd000000, 0x00000000fd000000, 0x00000000fd100000|  0%| F|  |TAMS 0x00000000fd000000, 0x00000000fd000000| Untracked 
|  17|0x00000000fd100000, 0x00000000fd100000, 0x00000000fd200000|  0%| F|  |TAMS 0x00000000fd100000, 0x00000000fd100000| Untracked 
|  18|0x00000000fd200000, 0x00000000fd200000, 0x00000000fd300000|  0%| F|  |TAMS 0x00000000fd200000, 0x00000000fd200000| Untracked 
|  19|0x00000000fd300000, 0x00000000fd300000, 0x00000000fd400000|  0%| F|  |TAMS 0x00000000fd300000, 0x00000000fd300000| Untracked 
|  20|0x00000000fd400000, 0x00000000fd400000, 0x00000000fd500000|  0%| F|  |TAMS 0x00000000fd400000, 0x00000000fd400000| Untracked 
|  21|0x00000000fd500000, 0x00000000fd500000, 0x00000000fd600000|  0%| F|  |TAMS 0x00000000fd500000, 0x00000000fd500000| Untracked 
|  22|0x00000000fd600000, 0x00000000fd600000, 0x00000000fd700000|  0%| F|  |TAMS 0x00000000fd600000, 0x00000000fd600000| Untracked 
|  23|0x00000000fd700000, 0x00000000fd700000, 0x00000000fd800000|  0%| F|  |TAMS 0x00000000fd700000, 0x00000000fd700000| Untracked 
|  24|0x00000000fd800000, 0x00000000fd800000, 0x00000000fd900000|  0%| F|  |TAMS 0x00000000fd800000, 0x00000000fd800000| Untracked 
|  25|0x00000000fd900000, 0x00000000fd900000, 0x00000000fda00000|  0%| F|  |TAMS 0x00000000fd900000, 0x00000000fd900000| Untracked 
|  26|0x00000000fda00000, 0x00000000fda00000, 0x00000000fdb00000|  0%| F|  |TAMS 0x00000000fda00000, 0x00000000fda00000| Untracked 
|  27|0x00000000fdb00000, 0x00000000fdb00000, 0x00000000fdc00000|  0%| F|  |TAMS 0x00000000fdb00000, 0x00000000fdb00000| Untracked 
|  28|0x00000000fdc00000, 0x00000000fdc00000, 0x00000000fdd00000|  0%| F|  |TAMS 0x00000000fdc00000, 0x00000000fdc00000| Untracked 
|  29|0x00000000fdd00000, 0x00000000fdd00000, 0x00000000fde00000|  0%| F|  |TAMS 0x00000000fdd00000, 0x00000000fdd00000| Untracked 
|  30|0x00000000fde00000, 0x00000000fde00000, 0x00000000fdf00000|  0%| F|  |TAMS 0x00000000fde00000, 0x00000000fde00000| Untracked 
|  31|0x00000000fdf00000, 0x00000000fdf00000, 0x00000000fe000000|  0%| F|  |TAMS 0x00000000fdf00000, 0x00000000fdf00000| Untracked 
|  32|0x00000000fe000000, 0x00000000fe000000, 0x00000000fe100000|  0%| F|  |TAMS 0x00000000fe000000, 0x00000000fe000000| Untracked 
|  33|0x00000000fe100000, 0x00000000fe100000, 0x00000000fe200000|  0%| F|  |TAMS 0x00000000fe100000, 0x00000000fe100000| Untracked 
|  34|0x00000000fe200000, 0x00000000fe200000, 0x00000000fe300000|  0%| F|  |TAMS 0x00000000fe200000, 0x00000000fe200000| Untracked 
|  35|0x00000000fe300000, 0x00000000fe300000, 0x00000000fe400000|  0%| F|  |TAMS 0x00000000fe300000, 0x00000000fe300000| Untracked 
|  36|0x00000000fe400000, 0x00000000fe400000, 0x00000000fe500000|  0%| F|  |TAMS 0x00000000fe400000, 0x00000000fe400000| Untracked 
|  37|0x00000000fe500000, 0x00000000fe500000, 0x00000000fe600000|  0%| F|  |TAMS 0x00000000fe500000, 0x00000000fe500000| Untracked 
|  38|0x00000000fe600000, 0x00000000fe600000, 0x00000000fe700000|  0%| F|  |TAMS 0x00000000fe600000, 0x00000000fe600000| Untracked 
|  39|0x00000000fe700000, 0x00000000fe700000, 0x00000000fe800000|  0%| F|  |TAMS 0x00000000fe700000, 0x00000000fe700000| Untracked 
|  40|0x00000000fe800000, 0x00000000fe800000, 0x00000000fe900000|  0%| F|  |TAMS 0x00000000fe800000, 0x00000000fe800000| Untracked 
|  41|0x00000000fe900000, 0x00000000fe900000, 0x00000000fea00000|  0%| F|  |TAMS 0x00000000fe900000, 0x00000000fe900000| Untracked 
|  42|0x00000000fea00000, 0x00000000fea00000, 0x00000000feb00000|  0%| F|  |TAMS 0x00000000fea00000, 0x00000000fea00000| Untracked 
|  43|0x00000000feb00000, 0x00000000feb00000, 0x00000000fec00000|  0%| F|  |TAMS 0x00000000feb00000, 0x00000000feb00000| Untracked 
|  44|0x00000000fec00000, 0x00000000fec00000, 0x00000000fed00000|  0%| F|  |TAMS 0x00000000fec00000, 0x00000000fec00000| Untracked 
|  45|0x00000000fed00000, 0x00000000fed00000, 0x00000000fee00000|  0%| F|  |TAMS 0x00000000fed00000, 0x00000000fed00000| Untracked 
|  46|0x00000000fee00000, 0x00000000fee00000, 0x00000000fef00000|  0%| F|  |TAMS 0x00000000fee00000, 0x00000000fee00000| Untracked 
|  47|0x00000000fef00000, 0x00000000fef00000, 0x00000000ff000000|  0%| F|  |TAMS 0x00000000fef00000, 0x00000000fef00000| Untracked 
|  48|0x00000000ff000000, 0x00000000ff000000, 0x00000000ff100000|  0%| F|  |TAMS 0x00000000ff000000, 0x00000000ff000000| Untracked 
|  49|0x00000000ff100000, 0x00000000ff100000, 0x00000000ff200000|  0%| F|  |TAMS 0x00000000ff100000, 0x00000000ff100000| Untracked 
|  50|0x00000000ff200000, 0x00000000ff200000, 0x00000000ff300000|  0%| F|  |TAMS 0x00000000ff200000, 0x00000000ff200000| Untracked 
|  51|0x00000000ff300000, 0x00000000ff300000, 0x00000000ff400000|  0%| F|  |TAMS 0x00000000ff300000, 0x00000000ff300000| Untracked 
|  52|0x00000000ff400000, 0x00000000ff400000, 0x00000000ff500000|  0%| F|  |TAMS 0x00000000ff400000, 0x00000000ff400000| Untracked 
|  53|0x00000000ff500000, 0x00000000ff500000, 0x00000000ff600000|  0%| F|  |TAMS 0x00000000ff500000, 0x00000000ff500000| Untracked 
|  54|0x00000000ff600000, 0x00000000ff600000, 0x00000000ff700000|  0%| F|  |TAMS 0x00000000ff600000, 0x00000000ff600000| Untracked 
|  55|0x00000000ff700000, 0x00000000ff700000, 0x00000000ff800000|  0%| F|  |TAMS 0x00000000ff700000, 0x00000000ff700000| Untracked 
|  56|0x00000000ff800000, 0x00000000ff800000, 0x00000000ff900000|  0%| F|  |TAMS 0x00000000ff800000, 0x00000000ff800000| Untracked 
|  57|0x00000000ff900000, 0x00000000ff900000, 0x00000000ffa00000|  0%| F|  |TAMS 0x00000000ff900000, 0x00000000ff900000| Untracked 
|  58|0x00000000ffa00000, 0x00000000ffa00000, 0x00000000ffb00000|  0%| F|  |TAMS 0x00000000ffa00000, 0x00000000ffa00000| Untracked 
|  59|0x00000000ffb00000, 0x00000000ffb00000, 0x00000000ffc00000|  0%| F|  |TAMS 0x00000000ffb00000, 0x00000000ffb00000| Untracked 
|  60|0x00000000ffc00000, 0x00000000ffc00000, 0x00000000ffd00000|  0%| F|  |TAMS 0x00000000ffc00000, 0x00000000ffc00000| Untracked 
|  61|0x00000000ffd00000, 0x00000000ffd00000, 0x00000000ffe00000|  0%| F|  |TAMS 0x00000000ffd00000, 0x00000000ffd00000| Untracked 
|  62|0x00000000ffe00000, 0x00000000ffe48370, 0x00000000fff00000| 28%| E|  |TAMS 0x00000000ffe00000, 0x00000000ffe00000| Complete 
|  63|0x00000000fff00000, 0x0000000100000000, 0x0000000100000000|100%| E|CS|TAMS 0x00000000fff00000, 0x00000000fff00000| Complete 

Card table byte_map: [0x0000024241ad0000,0x0000024241af0000] _byte_map_base: 0x00000242412f0000

Marking Bits (Prev, Next): (CMBitMap*) 0x0000024241cb3f88, (CMBitMap*) 0x0000024241cb3fc0
 Prev Bits: [0x0000024241b10000, 0x0000024241c10000)
 Next Bits: [0x0000024259410000, 0x0000024259510000)

Polling page: 0x000002423fcb0000

Metaspace:

Usage:
  Non-class:      4.00 MB capacity,     2.84 MB ( 71%) used,     1.16 MB ( 29%) free+waste,    64 bytes ( <1%) overhead. 
      Class:    384.00 KB capacity,   270.10 KB ( 70%) used,   113.84 KB ( 30%) free+waste,    64 bytes ( <1%) overhead. 
       Both:      4.38 MB capacity,     3.10 MB ( 71%) used,     1.27 MB ( 29%) free+waste,   128 bytes ( <1%) overhead. 

Virtual space:
  Non-class space:        8.00 MB reserved,       4.00 MB ( 50%) committed 
      Class space:        1.00 GB reserved,     384.00 KB ( <1%) committed 
             Both:        1.01 GB reserved,       4.38 MB ( <1%) committed 

Chunk freelists:
   Non-Class:  0 bytes
       Class:  0 bytes
        Both:  0 bytes

MaxMetaspaceSize: 17179869184.00 GB
CompressedClassSpaceSize: 1.00 GB
Initial GC threshold: 20.80 MB
Current GC threshold: 20.80 MB
CDS: off

CodeHeap 'non-profiled nmethods': size=120064Kb used=12Kb max_used=12Kb free=120051Kb
 bounds [0x0000024251ed0000, 0x0000024252140000, 0x0000024259410000]
CodeHeap 'profiled nmethods': size=120000Kb used=94Kb max_used=94Kb free=119905Kb
 bounds [0x000002424a9a0000, 0x000002424ac10000, 0x0000024251ed0000]
CodeHeap 'non-nmethods': size=5696Kb used=1015Kb max_used=1016Kb free=4680Kb
 bounds [0x000002424a410000, 0x000002424a680000, 0x000002424a9a0000]
 total_blobs=301 nmethods=68 adapters=146
 compilation: enabled
              stopped_count=0, restarted_count=0
 full_count=0

Compilation events (20 events):
Event: 0.157 Thread 0x000002425c322800   14       3       java.util.Objects::equals (23 bytes)
Event: 0.158 Thread 0x000002425c322800 nmethod 14 0x000002424a9a4790 code [0x000002424a9a4960, 0x000002424a9a4bc8]
Event: 0.159 Thread 0x000002425c322800   15       3       java.util.ImmutableCollections::emptySet (4 bytes)
Event: 0.159 Thread 0x000002425c322800 nmethod 15 0x000002424a9a4c90 code [0x000002424a9a4e40, 0x000002424a9a4f38]
Event: 0.159 Thread 0x000002425c322800   16       3       java.util.Set::of (4 bytes)
Event: 0.159 Thread 0x000002425c322800 nmethod 16 0x000002424a9a4f90 code [0x000002424a9a5140, 0x000002424a9a5278]
Event: 0.159 Thread 0x000002425c322800   17       3       java.lang.module.ModuleDescriptor$Exports::<init> (20 bytes)
Event: 0.160 Thread 0x000002425c322800 nmethod 17 0x000002424a9a5310 code [0x000002424a9a54c0, 0x000002424a9a5738]
Event: 0.160 Thread 0x000002425c2bf800   20       4       java.lang.StringLatin1::hashCode (42 bytes)
Event: 0.160 Thread 0x000002425c322800   18       3       java.util.Objects::requireNonNull (14 bytes)
Event: 0.161 Thread 0x000002425c322800 nmethod 18 0x000002424a9a5810 code [0x000002424a9a59e0, 0x000002424a9a5ba8]
Event: 0.161 Thread 0x000002425c322800   19       3       java.lang.module.ModuleDescriptor$Exports::hashCode (38 bytes)
Event: 0.161 Thread 0x000002425c322800 nmethod 19 0x000002424a9a5c90 code [0x000002424a9a5e60, 0x000002424a9a6148]
Event: 0.163 Thread 0x000002425c322800   21       3       java.util.AbstractCollection::<init> (5 bytes)
Event: 0.164 Thread 0x000002425c322800 nmethod 21 0x000002424a9a6290 code [0x000002424a9a6440, 0x000002424a9a6598]
Event: 0.164 Thread 0x000002425c322800   22       3       java.util.ImmutableCollections$AbstractImmutableCollection::<init> (5 bytes)
Event: 0.164 Thread 0x000002425c322800 nmethod 22 0x000002424a9a6690 code [0x000002424a9a6840, 0x000002424a9a69f8]
Event: 0.165 Thread 0x000002425c322800   23       3       java.util.ImmutableCollections$AbstractImmutableSet::<init> (5 bytes)
Event: 0.165 Thread 0x000002425c322800 nmethod 23 0x000002424a9a6b10 code [0x000002424a9a6ce0, 0x000002424a9a6ef8]
Event: 0.168 Thread 0x000002425c322800   24       3       java.util.Set::of (66 bytes)

GC Heap History (0 events):
No events

Deoptimization events (0 events):
No events

Classes redefined (0 events):
No events

Internal exceptions (0 events):
No events

Events (20 events):
Event: 0.148 loading class java/util/ImmutableCollections$List12 done
Event: 0.150 loading class java/lang/module/ModuleDescriptor$Version
Event: 0.150 loading class java/lang/module/ModuleDescriptor$Version done
Event: 0.150 loading class java/util/ArrayList
Event: 0.150 loading class java/util/ArrayList done
Event: 0.151 loading class java/lang/module/ModuleDescriptor$Modifier
Event: 0.151 loading class java/lang/Enum
Event: 0.151 loading class java/lang/Enum done
Event: 0.151 loading class java/lang/module/ModuleDescriptor$Modifier done
Event: 0.151 loading class java/lang/module/ModuleDescriptor$Requires$Modifier
Event: 0.151 loading class java/lang/module/ModuleDescriptor$Requires$Modifier done
Event: 0.155 loading class java/util/ImmutableCollections$ListN
Event: 0.155 loading class java/util/ImmutableCollections$ListN done
Event: 0.168 loading class jdk/internal/module/ModuleTarget
Event: 0.168 loading class jdk/internal/module/ModuleTarget done
Event: 0.168 loading class jdk/internal/module/ModuleHashes
Event: 0.168 loading class jdk/internal/module/ModuleHashes done
Event: 0.169 loading class jdk/internal/module/ModuleHashes$Builder
Event: 0.169 loading class jdk/internal/module/ModuleHashes$Builder done
Event: 0.169 loading class java/util/HashMap$TreeNode


Dynamic libraries:
0x00007ff73b190000 - 0x00007ff73b19d000 	C:\Program Files\Microsoft\jdk-11.0.20.8-hotspot\bin\java.exe
0x00007ffe8ab10000 - 0x00007ffe8ad08000 	C:\Windows\SYSTEM32\ntdll.dll
0x00007ffe8aa10000 - 0x00007ffe8aacd000 	C:\Windows\System32\KERNEL32.DLL
0x00007ffe88870000 - 0x00007ffe88b66000 	C:\Windows\System32\KERNELBASE.dll
0x00007ffe881f0000 - 0x00007ffe882f0000 	C:\Windows\System32\ucrtbase.dll
0x00007ffe81d80000 - 0x00007ffe81d97000 	C:\Program Files\Microsoft\jdk-11.0.20.8-hotspot\bin\jli.dll
0x00007ffe81d60000 - 0x00007ffe81d75000 	C:\Program Files\Microsoft\jdk-11.0.20.8-hotspot\bin\VCRUNTIME140.dll
0x00007ffe88d70000 - 0x00007ffe88f0e000 	C:\Windows\System32\USER32.dll
0x00007ffe887a0000 - 0x00007ffe887c2000 	C:\Windows\System32\win32u.dll
0x00007ffe78240000 - 0x00007ffe784da000 	C:\Windows\WinSxS\amd64_microsoft.windows.common-controls_6595b64144ccf1df_6.0.19041.3636_none_60b6a03d71f818d5\COMCTL32.dll
0x00007ffe88b70000 - 0x00007ffe88b9c000 	C:\Windows\System32\GDI32.dll
0x00007ffe8a970000 - 0x00007ffe8aa0e000 	C:\Windows\System32\msvcrt.dll
0x00007ffe884e0000 - 0x00007ffe885fa000 	C:\Windows\System32\gdi32full.dll
0x00007ffe887d0000 - 0x00007ffe8886d000 	C:\Windows\System32\msvcp_win.dll
0x00007ffe8a8d0000 - 0x00007ffe8a900000 	C:\Windows\System32\IMM32.DLL
0x00007ffe64540000 - 0x00007ffe645db000 	C:\Program Files\Microsoft\jdk-11.0.20.8-hotspot\bin\msvcp140.dll
0x00007ffe5c290000 - 0x00007ffe5ce26000 	C:\Program Files\Microsoft\jdk-11.0.20.8-hotspot\bin\server\jvm.dll
0x00007ffe89290000 - 0x00007ffe8933f000 	C:\Windows\System32\ADVAPI32.dll
0x00007ffe89190000 - 0x00007ffe8922c000 	C:\Windows\System32\sechost.dll
0x00007ffe89b90000 - 0x00007ffe89cb6000 	C:\Windows\System32\RPCRT4.dll
0x00007ffe8a900000 - 0x00007ffe8a908000 	C:\Windows\System32\PSAPI.DLL
0x00007ffe78ea0000 - 0x00007ffe78ec7000 	C:\Windows\SYSTEM32\WINMM.dll
0x00007ffe79da0000 - 0x00007ffe79daa000 	C:\Windows\SYSTEM32\VERSION.dll
0x00007ffe82b80000 - 0x00007ffe82b89000 	C:\Windows\SYSTEM32\WSOCK32.dll
0x00007ffe89b20000 - 0x00007ffe89b8b000 	C:\Windows\System32\WS2_32.dll
0x00007ffe860b0000 - 0x00007ffe860c2000 	C:\Windows\SYSTEM32\kernel.appcore.dll
0x00007ffe82a70000 - 0x00007ffe82a80000 	C:\Program Files\Microsoft\jdk-11.0.20.8-hotspot\bin\verify.dll
0x00007ffe70e80000 - 0x00007ffe71064000 	C:\Windows\SYSTEM32\DBGHELP.DLL
0x00007ffe70e40000 - 0x00007ffe70e74000 	C:\Windows\SYSTEM32\dbgcore.DLL
0x00007ffe88450000 - 0x00007ffe884d2000 	C:\Windows\System32\bcryptPrimitives.dll
0x00007ffe81d30000 - 0x00007ffe81d58000 	C:\Program Files\Microsoft\jdk-11.0.20.8-hotspot\bin\java.dll
0x00007ffe82630000 - 0x00007ffe8263a000 	C:\Program Files\Microsoft\jdk-11.0.20.8-hotspot\bin\jimage.dll
0x00007ffe81ca0000 - 0x00007ffe81cb8000 	C:\Program Files\Microsoft\jdk-11.0.20.8-hotspot\bin\zip.dll
0x00007ffe89340000 - 0x00007ffe89a84000 	C:\Windows\System32\SHELL32.dll
0x00007ffe862b0000 - 0x00007ffe86a4b000 	C:\Windows\SYSTEM32\windows.storage.dll
0x00007ffe8a300000 - 0x00007ffe8a654000 	C:\Windows\System32\combase.dll
0x00007ffe87c30000 - 0x00007ffe87c5d000 	C:\Windows\SYSTEM32\Wldp.dll
0x00007ffe8a660000 - 0x00007ffe8a70d000 	C:\Windows\System32\SHCORE.dll
0x00007ffe8a910000 - 0x00007ffe8a965000 	C:\Windows\System32\shlwapi.dll
0x00007ffe88120000 - 0x00007ffe88145000 	C:\Windows\SYSTEM32\profapi.dll

dbghelp: loaded successfully - version: 4.0.5 - missing functions: none
symbol engine: initialized successfully - sym options: 0x614 - pdb path: .;C:\Program Files\Microsoft\jdk-11.0.20.8-hotspot\bin;C:\Windows\SYSTEM32;C:\Windows\WinSxS\amd64_microsoft.windows.common-controls_6595b64144ccf1df_6.0.19041.3636_none_60b6a03d71f818d5;C:\Program Files\Microsoft\jdk-11.0.20.8-hotspot\bin\server

VM Arguments:
jvm_args: -Xmx64m -Xms64m -Dorg.gradle.appname=gradlew 
java_command: org.gradle.wrapper.GradleWrapperMain tasks
java_class_path (initial): C:\Users\aanan\Desktop\dryfi_delivery_new-main\dryfi_delivery_new-main\android\\gradle\wrapper\gradle-wrapper.jar
Launcher Type: SUN_STANDARD

[Global flags]
     intx CICompilerCount                          = 3                                         {product} {ergonomic}
     uint ConcGCThreads                            = 1                                         {product} {ergonomic}
     uint G1ConcRefinementThreads                  = 4                                         {product} {ergonomic}
   size_t G1HeapRegionSize                         = 1048576                                   {product} {ergonomic}
    uintx GCDrainStackTargetSize                   = 64                                        {product} {ergonomic}
   size_t InitialHeapSize                          = 67108864                                  {product} {command line}
   size_t MarkStackSize                            = 4194304                                   {product} {ergonomic}
   size_t MaxHeapSize                              = 67108864                                  {product} {command line}
   size_t MaxNewSize                               = 39845888                                  {product} {ergonomic}
   size_t MinHeapDeltaBytes                        = 1048576                                   {product} {ergonomic}
    uintx NonNMethodCodeHeapSize                   = 5830732                                {pd product} {ergonomic}
    uintx NonProfiledCodeHeapSize                  = 122913754                              {pd product} {ergonomic}
    uintx ProfiledCodeHeapSize                     = 122913754                              {pd product} {ergonomic}
    uintx ReservedCodeCacheSize                    = 251658240                              {pd product} {ergonomic}
     bool SegmentedCodeCache                       = true                                      {product} {ergonomic}
     bool UseCompressedClassPointers               = true                                 {lp64_product} {ergonomic}
     bool UseCompressedOops                        = true                                 {lp64_product} {ergonomic}
     bool UseG1GC                                  = true                                      {product} {ergonomic}
     bool UseLargePagesIndividualAllocation        = false                                  {pd product} {ergonomic}

Logging:
Log output configuration:
 #0: stdout all=warning uptime,level,tags
 #1: stderr all=off uptime,level,tags

Environment Variables:
JAVA_HOME=C:\Program Files\Microsoft\jdk-11.0.20.8-hotspot\
CLASSPATH=C:\Users\aanan\Desktop\dryfi_delivery_new-main\dryfi_delivery_new-main\android\\gradle\wrapper\gradle-wrapper.jar
PATH=C:\Users\aanan\Desktop\dryfi_delivery_new-main\dryfi_delivery_new-main\node_modules\.bin;C:\Users\aanan\Desktop\dryfi_delivery_new-main\node_modules\.bin;C:\Users\aanan\Desktop\node_modules\.bin;C:\Users\aanan\node_modules\.bin;C:\Users\node_modules\.bin;C:\node_modules\.bin;C:\Program Files\nodejs\node_modules\npm\node_modules\@npmcli\run-script\lib\node-gyp-bin;C:\Program Files\Microsoft\jdk-11.0.20.8-hotspot\bin;C:\Program Files (x86)\Intel\iCLS Client\;C:\Program Files\Intel\iCLS Client\;C:\Windows\system32;C:\Windows;C:\Windows\System32\Wbem;C:\Windows\System32\WindowsPowerShell\v1.0\;C:\Windows\System32\OpenSSH\;C:\Program Files\dotnet\;C:\Program Files\Intel\Intel(R) Management Engine Components\DAL;C:\Program Files\Intel\Intel(R) Management Engine Components\IPT;C:\Program Files (x86)\Intel\Intel(R) Management Engine Components\DAL;C:\Program Files (x86)\Intel\Intel(R) Management Engine Components\IPT;C:\ProgramData\chocolatey\bin;C:\Program Files\nodejs\;C:\Users\aanan\AppData\Local\Android\Sdk\platform-tools;C:\Users\aanan\AppData\Local\Microsoft\WindowsApps;;C:\Users\aanan\AppData\Local\Programs\Microsoft VS Code\bin;C:\Users\aanan\AppData\Roaming\npm
USERNAME=Devendra
OS=Windows_NT
PROCESSOR_IDENTIFIER=Intel64 Family 6 Model 69 Stepping 1, GenuineIntel
TMP=C:\Users\aanan\AppData\Local\Temp
TEMP=C:\Users\aanan\AppData\Local\Temp



---------------  S Y S T E M  ---------------

OS: Windows 10 , 64 bit Build 19041 (10.0.19041.3636)
OS uptime: 0 days 2:20 hours

CPU:total 4 (initial active 4) (2 cores per cpu, 2 threads per core) family 6 model 69 stepping 1 microcode 0x25, cmov, cx8, fxsr, mmx, sse, sse2, sse3, ssse3, sse4.1, sse4.2, popcnt, avx, avx2, aes, clmul, erms, lzcnt, ht, tsc, tscinvbit, bmi1, bmi2, fma

Memory: 4k page, system-wide physical 6024M (493M free)
TotalPageFile size 8072M (AvailPageFile size 3M)
current process WorkingSet (physical memory assigned to process): 27M, peak: 27M
current process commit charge ("private bytes"): 127M, peak: 127M

vm_info: OpenJDK 64-Bit Server VM (11.0.20+8-LTS) for windows-amd64 JRE (11.0.20+8-LTS), built on Jul  7 2023 17:05:21 by "MicrosoftCorporation" with MS VC++ 15.9 (VS2017)

END.
