#
# There is insufficient memory for the Java Runtime Environment to continue.
# Native memory allocation (malloc) failed to allocate 152656 bytes for Chunk::new
# Possible reasons:
#   The system is out of physical RAM or swap space
#   The process is running with CompressedOops enabled, and the Java Heap may be blocking the growth of the native heap
# Possible solutions:
#   Reduce memory load on the system
#   Increase physical memory or swap space
#   Check if swap backing store is full
#   Decrease Java heap size (-Xmx/-Xms)
#   Decrease number of Java threads
#   Decrease Java thread stack sizes (-Xss)
#   Set larger code cache with -XX:ReservedCodeCacheSize=
#   JVM is running with Unscaled Compressed Oops mode in which the Java heap is
#     placed in the first 4GB address space. The Java Heap base address is the
#     maximum limit for the native heap growth. Please use -XX:HeapBaseMinAddress
#     to set the Java Heap base and to place the Java Heap above 4GB virtual address.
# This output file may be truncated or incomplete.
#
#  Out of Memory Error (arena.cpp:197), pid=1404, tid=4300
#
# JRE version: OpenJDK Runtime Environment Microsoft-8035250 (11.0.20+8) (build 11.0.20+8-LTS)
# Java VM: OpenJDK 64-Bit Server VM Microsoft-8035250 (11.0.20+8-LTS, mixed mode, tiered, compressed oops, g1 gc, windows-amd64)
# No core dump will be written. Minidumps are not enabled by default on client versions of Windows
#

---------------  S U M M A R Y ------------

Command Line: -Xmx64m -Xms64m -Dorg.gradle.appname=gradlew org.gradle.wrapper.GradleWrapperMain app:installDebug -PreactNativeDevServerPort=8081

Host: Intel(R) Core(TM) i3-4010U CPU @ 1.70GHz, 4 cores, 5G,  Windows 10 , 64 bit Build 19041 (10.0.19041.3636)
Time: Sat Nov 25 12:22:04 2023 India Standard Time elapsed time: 639.502279 seconds (0d 0h 10m 39s)

---------------  T H R E A D  ---------------

Current thread (0x000002b1324b3000):  JavaThread "C2 CompilerThread0" daemon [_thread_in_native, id=4300, stack(0x000000bcbf200000,0x000000bcbf300000)]


Current CompileTask:
C2: 639502 1910   !   4       java.util.concurrent.ThreadPoolExecutor::getTask (177 bytes)

Stack: [0x000000bcbf200000,0x000000bcbf300000]
Native frames: (J=compiled Java code, j=interpreted, Vv=VM code, C=native code)
V  [jvm.dll+0x62e9da]
V  [jvm.dll+0x7bc4e9]
V  [jvm.dll+0x7bdbd8]
V  [jvm.dll+0x7be2b3]
V  [jvm.dll+0x2505a8]
V  [jvm.dll+0xc263c]
V  [jvm.dll+0xc2bfc]
V  [jvm.dll+0x35fdc7]
V  [jvm.dll+0x19eeb3]
V  [jvm.dll+0x2098c5]
V  [jvm.dll+0x20893d]
V  [jvm.dll+0x18a7de]
V  [jvm.dll+0x2181ec]
V  [jvm.dll+0x21642b]
V  [jvm.dll+0x77efc0]
V  [jvm.dll+0x777db4]
V  [jvm.dll+0x62d845]
C  [ucrtbase.dll+0x21bb2]
C  [KERNEL32.DLL+0x17344]
C  [ntdll.dll+0x526b1]


---------------  P R O C E S S  ---------------

Threads class SMR info:
_java_thread_list=0x000002b13352b6b0, length=13, elements={
0x000002b117e2d000, 0x000002b13242e800, 0x000002b132459800, 0x000002b1324ab800,
0x000002b1324ad800, 0x000002b1324b0000, 0x000002b1324b3000, 0x000002b132618800,
0x000002b1324fe800, 0x000002b132731800, 0x000002b13353e800, 0x000002b1335ac800,
0x000002b1335de000
}

Java Threads: ( => current thread )
  0x000002b117e2d000 JavaThread "main" [_thread_in_native, id=6728, stack(0x000000bcbe600000,0x000000bcbe700000)]
  0x000002b13242e800 JavaThread "Reference Handler" daemon [_thread_blocked, id=5692, stack(0x000000bcbed00000,0x000000bcbee00000)]
  0x000002b132459800 JavaThread "Finalizer" daemon [_thread_blocked, id=9080, stack(0x000000bcbee00000,0x000000bcbef00000)]
  0x000002b1324ab800 JavaThread "Signal Dispatcher" daemon [_thread_blocked, id=5684, stack(0x000000bcbef00000,0x000000bcbf000000)]
  0x000002b1324ad800 JavaThread "Attach Listener" daemon [_thread_blocked, id=9600, stack(0x000000bcbf000000,0x000000bcbf100000)]
  0x000002b1324b0000 JavaThread "Service Thread" daemon [_thread_blocked, id=8088, stack(0x000000bcbf100000,0x000000bcbf200000)]
=>0x000002b1324b3000 JavaThread "C2 CompilerThread0" daemon [_thread_in_native, id=4300, stack(0x000000bcbf200000,0x000000bcbf300000)]
  0x000002b132618800 JavaThread "C1 CompilerThread0" daemon [_thread_blocked, id=4512, stack(0x000000bcbf300000,0x000000bcbf400000)]
  0x000002b1324fe800 JavaThread "Sweeper thread" daemon [_thread_blocked, id=8656, stack(0x000000bcbf400000,0x000000bcbf500000)]
  0x000002b132731800 JavaThread "Common-Cleaner" daemon [_thread_blocked, id=2344, stack(0x000000bcbf600000,0x000000bcbf700000)]
  0x000002b13353e800 JavaThread "pool-1-thread-1" [_thread_in_native, id=7420, stack(0x000000bcbf900000,0x000000bcbfa00000)]
  0x000002b1335ac800 JavaThread "DisconnectableInputStream source reader" daemon [_thread_in_native, id=10436, stack(0x000000bcbfa00000,0x000000bcbfb00000)]
  0x000002b1335de000 JavaThread "Forward input" [_thread_blocked, id=11020, stack(0x000000bcbfb00000,0x000000bcbfc00000)]

Other Threads:
  0x000002b132429800 VMThread "VM Thread" [stack: 0x000000bcbec00000,0x000000bcbed00000] [id=10196]
  0x000002b132724000 WatcherThread [stack: 0x000000bcbf500000,0x000000bcbf600000] [id=1364]
  0x000002b117e44800 GCTaskThread "GC Thread#0" [stack: 0x000000bcbe700000,0x000000bcbe800000] [id=7648]
  0x000002b132d15000 GCTaskThread "GC Thread#1" [stack: 0x000000bcbf700000,0x000000bcbf800000] [id=4704]
  0x000002b132a70800 GCTaskThread "GC Thread#2" [stack: 0x000000bcbe300000,0x000000bcbe400000] [id=5504]
  0x000002b13352f800 GCTaskThread "GC Thread#3" [stack: 0x000000bcbe400000,0x000000bcbe500000] [id=10280]
  0x000002b117e4e800 ConcurrentGCThread "G1 Main Marker" [stack: 0x000000bcbe800000,0x000000bcbe900000] [id=11860]
  0x000002b117e51000 ConcurrentGCThread "G1 Conc#0" [stack: 0x000000bcbe900000,0x000000bcbea00000] [id=9384]
  0x000002b117ea4800 ConcurrentGCThread "G1 Refine#0" [stack: 0x000000bcbea00000,0x000000bcbeb00000] [id=2176]
  0x000002b133507800 ConcurrentGCThread "G1 Refine#1" [stack: 0x000000bcbe500000,0x000000bcbe600000] [id=11896]
  0x000002b117ea6000 ConcurrentGCThread "G1 Young RemSet Sampling" [stack: 0x000000bcbeb00000,0x000000bcbec00000] [id=2384]

Threads with active compile tasks:
C2 CompilerThread0   639568 1910   !   4       java.util.concurrent.ThreadPoolExecutor::getTask (177 bytes)

VM state:not at safepoint (normal execution)

VM Mutex/Monitor currently owned by a thread: None

Heap address: 0x00000000fc000000, size: 64 MB, Compressed Oops mode: 32-bit
Narrow klass base: 0x0000000000000000, Narrow klass shift: 3
Compressed class space size: 1073741824 Address: 0x0000000100000000

Heap:
 garbage-first heap   total 65536K, used 31041K [0x00000000fc000000, 0x0000000100000000)
  region size 1024K, 25 young (25600K), 5 survivors (5120K)
 Metaspace       used 16843K, capacity 17153K, committed 17408K, reserved 1067008K
  class space    used 1877K, capacity 1988K, committed 2048K, reserved 1048576K
Heap Regions: E=young(eden), S=young(survivor), O=old, HS=humongous(starts), HC=humongous(continues), CS=collection set, F=free, A=archive, TAMS=top-at-mark-start (previous, next)
|   0|0x00000000fc000000, 0x00000000fc100000, 0x00000000fc100000|100%| O|  |TAMS 0x00000000fc000000, 0x00000000fc000000| Untracked 
|   1|0x00000000fc100000, 0x00000000fc200000, 0x00000000fc200000|100%| O|  |TAMS 0x00000000fc100000, 0x00000000fc100000| Untracked 
|   2|0x00000000fc200000, 0x00000000fc300000, 0x00000000fc300000|100%|HS|  |TAMS 0x00000000fc200000, 0x00000000fc200000| Complete 
|   3|0x00000000fc300000, 0x00000000fc400000, 0x00000000fc400000|100%|HC|  |TAMS 0x00000000fc300000, 0x00000000fc300000| Complete 
|   4|0x00000000fc400000, 0x00000000fc500000, 0x00000000fc500000|100%|HC|  |TAMS 0x00000000fc400000, 0x00000000fc400000| Complete 
|   5|0x00000000fc500000, 0x00000000fc600000, 0x00000000fc600000|100%|HC|  |TAMS 0x00000000fc500000, 0x00000000fc500000| Complete 
|   6|0x00000000fc600000, 0x00000000fc650400, 0x00000000fc700000| 31%| O|  |TAMS 0x00000000fc600000, 0x00000000fc600000| Untracked 
|   7|0x00000000fc700000, 0x00000000fc700000, 0x00000000fc800000|  0%| F|  |TAMS 0x00000000fc700000, 0x00000000fc700000| Untracked 
|   8|0x00000000fc800000, 0x00000000fc800000, 0x00000000fc900000|  0%| F|  |TAMS 0x00000000fc800000, 0x00000000fc800000| Untracked 
|   9|0x00000000fc900000, 0x00000000fc900000, 0x00000000fca00000|  0%| F|  |TAMS 0x00000000fc900000, 0x00000000fc900000| Untracked 
|  10|0x00000000fca00000, 0x00000000fca00000, 0x00000000fcb00000|  0%| F|  |TAMS 0x00000000fca00000, 0x00000000fca00000| Untracked 
|  11|0x00000000fcb00000, 0x00000000fcb00000, 0x00000000fcc00000|  0%| F|  |TAMS 0x00000000fcb00000, 0x00000000fcb00000| Untracked 
|  12|0x00000000fcc00000, 0x00000000fcc00000, 0x00000000fcd00000|  0%| F|  |TAMS 0x00000000fcc00000, 0x00000000fcc00000| Untracked 
|  13|0x00000000fcd00000, 0x00000000fcd00000, 0x00000000fce00000|  0%| F|  |TAMS 0x00000000fcd00000, 0x00000000fcd00000| Untracked 
|  14|0x00000000fce00000, 0x00000000fce00000, 0x00000000fcf00000|  0%| F|  |TAMS 0x00000000fce00000, 0x00000000fce00000| Untracked 
|  15|0x00000000fcf00000, 0x00000000fcf00000, 0x00000000fd000000|  0%| F|  |TAMS 0x00000000fcf00000, 0x00000000fcf00000| Untracked 
|  16|0x00000000fd000000, 0x00000000fd000000, 0x00000000fd100000|  0%| F|  |TAMS 0x00000000fd000000, 0x00000000fd000000| Untracked 
|  17|0x00000000fd100000, 0x00000000fd100000, 0x00000000fd200000|  0%| F|  |TAMS 0x00000000fd100000, 0x00000000fd100000| Untracked 
|  18|0x00000000fd200000, 0x00000000fd200000, 0x00000000fd300000|  0%| F|  |TAMS 0x00000000fd200000, 0x00000000fd200000| Untracked 
|  19|0x00000000fd300000, 0x00000000fd300000, 0x00000000fd400000|  0%| F|  |TAMS 0x00000000fd300000, 0x00000000fd300000| Untracked 
|  20|0x00000000fd400000, 0x00000000fd400000, 0x00000000fd500000|  0%| F|  |TAMS 0x00000000fd400000, 0x00000000fd400000| Untracked 
|  21|0x00000000fd500000, 0x00000000fd600000, 0x00000000fd600000|100%| S|CS|TAMS 0x00000000fd500000, 0x00000000fd500000| Complete 
|  22|0x00000000fd600000, 0x00000000fd700000, 0x00000000fd700000|100%| S|CS|TAMS 0x00000000fd600000, 0x00000000fd600000| Complete 
|  23|0x00000000fd700000, 0x00000000fd800000, 0x00000000fd800000|100%| S|CS|TAMS 0x00000000fd700000, 0x00000000fd700000| Complete 
|  24|0x00000000fd800000, 0x00000000fd900000, 0x00000000fd900000|100%| S|CS|TAMS 0x00000000fd800000, 0x00000000fd800000| Complete 
|  25|0x00000000fd900000, 0x00000000fda00000, 0x00000000fda00000|100%| S|CS|TAMS 0x00000000fd900000, 0x00000000fd900000| Complete 
|  26|0x00000000fda00000, 0x00000000fda00000, 0x00000000fdb00000|  0%| F|  |TAMS 0x00000000fda00000, 0x00000000fda00000| Untracked 
|  27|0x00000000fdb00000, 0x00000000fdb00000, 0x00000000fdc00000|  0%| F|  |TAMS 0x00000000fdb00000, 0x00000000fdb00000| Untracked 
|  28|0x00000000fdc00000, 0x00000000fdc00000, 0x00000000fdd00000|  0%| F|  |TAMS 0x00000000fdc00000, 0x00000000fdc00000| Untracked 
|  29|0x00000000fdd00000, 0x00000000fdd00000, 0x00000000fde00000|  0%| F|  |TAMS 0x00000000fdd00000, 0x00000000fdd00000| Untracked 
|  30|0x00000000fde00000, 0x00000000fde00000, 0x00000000fdf00000|  0%| F|  |TAMS 0x00000000fde00000, 0x00000000fde00000| Untracked 
|  31|0x00000000fdf00000, 0x00000000fdf00000, 0x00000000fe000000|  0%| F|  |TAMS 0x00000000fdf00000, 0x00000000fdf00000| Untracked 
|  32|0x00000000fe000000, 0x00000000fe000000, 0x00000000fe100000|  0%| F|  |TAMS 0x00000000fe000000, 0x00000000fe000000| Untracked 
|  33|0x00000000fe100000, 0x00000000fe100000, 0x00000000fe200000|  0%| F|  |TAMS 0x00000000fe100000, 0x00000000fe100000| Untracked 
|  34|0x00000000fe200000, 0x00000000fe200000, 0x00000000fe300000|  0%| F|  |TAMS 0x00000000fe200000, 0x00000000fe200000| Untracked 
|  35|0x00000000fe300000, 0x00000000fe300000, 0x00000000fe400000|  0%| F|  |TAMS 0x00000000fe300000, 0x00000000fe300000| Untracked 
|  36|0x00000000fe400000, 0x00000000fe400000, 0x00000000fe500000|  0%| F|  |TAMS 0x00000000fe400000, 0x00000000fe400000| Untracked 
|  37|0x00000000fe500000, 0x00000000fe500000, 0x00000000fe600000|  0%| F|  |TAMS 0x00000000fe500000, 0x00000000fe500000| Untracked 
|  38|0x00000000fe600000, 0x00000000fe600000, 0x00000000fe700000|  0%| F|  |TAMS 0x00000000fe600000, 0x00000000fe600000| Untracked 
|  39|0x00000000fe700000, 0x00000000fe700000, 0x00000000fe800000|  0%| F|  |TAMS 0x00000000fe700000, 0x00000000fe700000| Untracked 
|  40|0x00000000fe800000, 0x00000000fe800000, 0x00000000fe900000|  0%| F|  |TAMS 0x00000000fe800000, 0x00000000fe800000| Untracked 
|  41|0x00000000fe900000, 0x00000000fe900000, 0x00000000fea00000|  0%| F|  |TAMS 0x00000000fe900000, 0x00000000fe900000| Untracked 
|  42|0x00000000fea00000, 0x00000000fea00000, 0x00000000feb00000|  0%| F|  |TAMS 0x00000000fea00000, 0x00000000fea00000| Untracked 
|  43|0x00000000feb00000, 0x00000000feb00000, 0x00000000fec00000|  0%| F|  |TAMS 0x00000000feb00000, 0x00000000feb00000| Untracked 
|  44|0x00000000fec00000, 0x00000000fed00000, 0x00000000fed00000|100%| E|  |TAMS 0x00000000fec00000, 0x00000000fec00000| Complete 
|  45|0x00000000fed00000, 0x00000000fee00000, 0x00000000fee00000|100%| E|CS|TAMS 0x00000000fed00000, 0x00000000fed00000| Complete 
|  46|0x00000000fee00000, 0x00000000fef00000, 0x00000000fef00000|100%| E|CS|TAMS 0x00000000fee00000, 0x00000000fee00000| Complete 
|  47|0x00000000fef00000, 0x00000000ff000000, 0x00000000ff000000|100%| E|CS|TAMS 0x00000000fef00000, 0x00000000fef00000| Complete 
|  48|0x00000000ff000000, 0x00000000ff100000, 0x00000000ff100000|100%| E|CS|TAMS 0x00000000ff000000, 0x00000000ff000000| Complete 
|  49|0x00000000ff100000, 0x00000000ff200000, 0x00000000ff200000|100%| E|CS|TAMS 0x00000000ff100000, 0x00000000ff100000| Complete 
|  50|0x00000000ff200000, 0x00000000ff300000, 0x00000000ff300000|100%| E|CS|TAMS 0x00000000ff200000, 0x00000000ff200000| Complete 
|  51|0x00000000ff300000, 0x00000000ff400000, 0x00000000ff400000|100%| E|CS|TAMS 0x00000000ff300000, 0x00000000ff300000| Complete 
|  52|0x00000000ff400000, 0x00000000ff500000, 0x00000000ff500000|100%| E|CS|TAMS 0x00000000ff400000, 0x00000000ff400000| Complete 
|  53|0x00000000ff500000, 0x00000000ff600000, 0x00000000ff600000|100%| E|CS|TAMS 0x00000000ff500000, 0x00000000ff500000| Complete 
|  54|0x00000000ff600000, 0x00000000ff700000, 0x00000000ff700000|100%| E|CS|TAMS 0x00000000ff600000, 0x00000000ff600000| Complete 
|  55|0x00000000ff700000, 0x00000000ff800000, 0x00000000ff800000|100%| E|CS|TAMS 0x00000000ff700000, 0x00000000ff700000| Complete 
|  56|0x00000000ff800000, 0x00000000ff900000, 0x00000000ff900000|100%| E|CS|TAMS 0x00000000ff800000, 0x00000000ff800000| Complete 
|  57|0x00000000ff900000, 0x00000000ffa00000, 0x00000000ffa00000|100%| E|CS|TAMS 0x00000000ff900000, 0x00000000ff900000| Complete 
|  58|0x00000000ffa00000, 0x00000000ffb00000, 0x00000000ffb00000|100%| E|CS|TAMS 0x00000000ffa00000, 0x00000000ffa00000| Complete 
|  59|0x00000000ffb00000, 0x00000000ffc00000, 0x00000000ffc00000|100%| E|CS|TAMS 0x00000000ffb00000, 0x00000000ffb00000| Complete 
|  60|0x00000000ffc00000, 0x00000000ffd00000, 0x00000000ffd00000|100%| E|CS|TAMS 0x00000000ffc00000, 0x00000000ffc00000| Complete 
|  61|0x00000000ffd00000, 0x00000000ffe00000, 0x00000000ffe00000|100%| E|CS|TAMS 0x00000000ffd00000, 0x00000000ffd00000| Complete 
|  62|0x00000000ffe00000, 0x00000000fff00000, 0x00000000fff00000|100%| E|CS|TAMS 0x00000000ffe00000, 0x00000000ffe00000| Complete 
|  63|0x00000000fff00000, 0x0000000100000000, 0x0000000100000000|100%| E|CS|TAMS 0x00000000fff00000, 0x00000000fff00000| Complete 

Card table byte_map: [0x000002b117c80000,0x000002b117ca0000] _byte_map_base: 0x000002b1174a0000

Marking Bits (Prev, Next): (CMBitMap*) 0x000002b117e4c988, (CMBitMap*) 0x000002b117e4c9c0
 Prev Bits: [0x000002b117cc0000, 0x000002b117dc0000)
 Next Bits: [0x000002b12f5b0000, 0x000002b12f6b0000)

Polling page: 0x000002b117610000

Metaspace:

Usage:
  Non-class:     14.81 MB capacity,    14.61 MB ( 99%) used,   174.30 KB (  1%) free+waste,    25.13 KB ( <1%) overhead. 
      Class:      1.94 MB capacity,     1.83 MB ( 94%) used,    98.24 KB (  5%) free+waste,    12.00 KB ( <1%) overhead. 
       Both:     16.75 MB capacity,    16.45 MB ( 98%) used,   272.55 KB (  2%) free+waste,    37.13 KB ( <1%) overhead. 

Virtual space:
  Non-class space:       18.00 MB reserved,      15.00 MB ( 83%) committed 
      Class space:        1.00 GB reserved,       2.00 MB ( <1%) committed 
             Both:        1.02 GB reserved,      17.00 MB (  2%) committed 

Chunk freelists:
   Non-Class:  3.00 KB
       Class:  0 bytes
        Both:  3.00 KB

MaxMetaspaceSize: 17179869184.00 GB
CompressedClassSpaceSize: 1.00 GB
Initial GC threshold: 20.80 MB
Current GC threshold: 20.80 MB
CDS: off

CodeHeap 'non-profiled nmethods': size=120064Kb used=1168Kb max_used=1168Kb free=118895Kb
 bounds [0x000002b128070000, 0x000002b1282e0000, 0x000002b12f5b0000]
CodeHeap 'profiled nmethods': size=120000Kb used=3534Kb max_used=3534Kb free=116465Kb
 bounds [0x000002b120b40000, 0x000002b120ec0000, 0x000002b128070000]
CodeHeap 'non-nmethods': size=5696Kb used=1167Kb max_used=1206Kb free=4528Kb
 bounds [0x000002b1205b0000, 0x000002b120820000, 0x000002b120b40000]
 total_blobs=2341 nmethods=1910 adapters=344
 compilation: enabled
              stopped_count=0, restarted_count=0
 full_count=0

Compilation events (20 events):
Event: 639.190 Thread 0x000002b132618800 nmethod 1900 0x000002b128190c90 code [0x000002b128190e40, 0x000002b128190ef8]
Event: 639.190 Thread 0x000002b132618800 1901       1       java.lang.reflect.Field::getModifiers (5 bytes)
Event: 639.191 Thread 0x000002b132618800 nmethod 1901 0x000002b128190f90 code [0x000002b128191140, 0x000002b1281911f8]
Event: 639.191 Thread 0x000002b132618800 1902       1       java.io.ObjectStreamField::getField (5 bytes)
Event: 639.191 Thread 0x000002b132618800 nmethod 1902 0x000002b128191290 code [0x000002b128191440, 0x000002b1281914f8]
Event: 639.191 Thread 0x000002b132618800 1903       3       java.io.ObjectInputStream$BlockDataInputStream::readByte (20 bytes)
Event: 639.192 Thread 0x000002b132618800 nmethod 1903 0x000002b120eb3510 code [0x000002b120eb36e0, 0x000002b120eb3938]
Event: 639.267 Thread 0x000002b1324b3000 1904       4       java.util.ArrayDeque::iterator (9 bytes)
Event: 639.270 Thread 0x000002b1324b3000 nmethod 1904 0x000002b128191590 code [0x000002b128191740, 0x000002b128191878]
Event: 639.274 Thread 0x000002b1324b3000 1905       4       org.gradle.internal.time.MonotonicClock::getCurrentTime (70 bytes)
Event: 639.281 Thread 0x000002b1324b3000 nmethod 1905 0x000002b128191990 code [0x000002b128191b40, 0x000002b128191da8]
Event: 639.281 Thread 0x000002b1324b3000 1906   !   4       java.util.concurrent.ScheduledThreadPoolExecutor$DelayedWorkQueue::offer (123 bytes)
Event: 639.306 Thread 0x000002b1324b3000 nmethod 1906 0x000002b128192010 code [0x000002b1281921e0, 0x000002b128192a98]
Event: 639.316 Thread 0x000002b1324b3000 1907       4       java.util.Collections$EmptyList::equals (25 bytes)
Event: 639.319 Thread 0x000002b1324b3000 nmethod 1907 0x000002b128193090 code [0x000002b128193240, 0x000002b128193358]
Event: 639.326 Thread 0x000002b1324b3000 1908       4       java.util.ArrayList::equals (62 bytes)
Event: 639.336 Thread 0x000002b1324b3000 nmethod 1908 0x000002b128193490 code [0x000002b128193640, 0x000002b128193958]
Event: 639.407 Thread 0x000002b1324b3000 1909       4       com.google.common.base.Predicates$InstanceOfPredicate::<init> (6 bytes)
Event: 639.410 Thread 0x000002b1324b3000 nmethod 1909 0x000002b128193c10 code [0x000002b128193da0, 0x000002b128193ed8]
Event: 639.415 Thread 0x000002b1324b3000 1910   !   4       java.util.concurrent.ThreadPoolExecutor::getTask (177 bytes)

GC Heap History (4 events):
Event: 1.453 GC heap before
{Heap before GC invocations=0 (full 0):
 garbage-first heap   total 65536K, used 13312K [0x00000000fc000000, 0x0000000100000000)
  region size 1024K, 14 young (14336K), 0 survivors (0K)
 Metaspace       used 7838K, capacity 8009K, committed 8192K, reserved 1056768K
  class space    used 687K, capacity 754K, committed 768K, reserved 1048576K
}
Event: 1.462 GC heap after
{Heap after GC invocations=1 (full 0):
 garbage-first heap   total 65536K, used 3707K [0x00000000fc000000, 0x0000000100000000)
  region size 1024K, 2 young (2048K), 2 survivors (2048K)
 Metaspace       used 7838K, capacity 8009K, committed 8192K, reserved 1056768K
  class space    used 687K, capacity 754K, committed 768K, reserved 1048576K
}
Event: 154.717 GC heap before
{Heap before GC invocations=1 (full 0):
 garbage-first heap   total 65536K, used 43643K [0x00000000fc000000, 0x0000000100000000)
  region size 1024K, 38 young (38912K), 2 survivors (2048K)
 Metaspace       used 16522K, capacity 16804K, committed 17152K, reserved 1064960K
  class space    used 1840K, capacity 1946K, committed 2048K, reserved 1048576K
}
Event: 154.729 GC heap after
{Heap after GC invocations=2 (full 0):
 garbage-first heap   total 65536K, used 11585K [0x00000000fc000000, 0x0000000100000000)
  region size 1024K, 5 young (5120K), 5 survivors (5120K)
 Metaspace       used 16522K, capacity 16804K, committed 17152K, reserved 1064960K
  class space    used 1840K, capacity 1946K, committed 2048K, reserved 1048576K
}

Deoptimization events (20 events):
Event: 639.063 Thread 0x000002b117e2d000 Uncommon trap: trap_request=0xffffff4d fr.pc=0x000002b12811f424 relative=0x0000000000000084
Event: 639.063 Thread 0x000002b117e2d000 Uncommon trap: reason=unstable_if action=reinterpret pc=0x000002b12811f424 method=java.lang.reflect.AccessibleObject.checkCanSetAccessible(Ljava/lang/Class;Ljava/lang/Class;Z)Z @ 30 c2
Event: 639.063 Thread 0x000002b117e2d000 DEOPT PACKING pc=0x000002b12811f424 sp=0x000000bcbe6f9dd0
Event: 639.063 Thread 0x000002b117e2d000 DEOPT UNPACKING pc=0x000002b1205fa1af sp=0x000000bcbe6f9d30 mode 2
Event: 639.094 Thread 0x000002b117e2d000 Uncommon trap: trap_request=0xffffffde fr.pc=0x000002b128120af4 relative=0x0000000000000a94
Event: 639.094 Thread 0x000002b117e2d000 Uncommon trap: reason=class_check action=maybe_recompile pc=0x000002b128120af4 method=jdk.internal.reflect.DelegatingMethodAccessorImpl.invoke(Ljava/lang/Object;[Ljava/lang/Object;)Ljava/lang/Object; @ 6 c2
Event: 639.094 Thread 0x000002b117e2d000 DEOPT PACKING pc=0x000002b128120af4 sp=0x000000bcbe6fbd50
Event: 639.094 Thread 0x000002b117e2d000 DEOPT UNPACKING pc=0x000002b1205fa1af sp=0x000000bcbe6fbd48 mode 2
Event: 639.098 Thread 0x000002b117e2d000 Uncommon trap: trap_request=0xffffffde fr.pc=0x000002b128120af4 relative=0x0000000000000a94
Event: 639.098 Thread 0x000002b117e2d000 Uncommon trap: reason=class_check action=maybe_recompile pc=0x000002b128120af4 method=jdk.internal.reflect.DelegatingMethodAccessorImpl.invoke(Ljava/lang/Object;[Ljava/lang/Object;)Ljava/lang/Object; @ 6 c2
Event: 639.098 Thread 0x000002b117e2d000 DEOPT PACKING pc=0x000002b128120af4 sp=0x000000bcbe6fbc80
Event: 639.099 Thread 0x000002b117e2d000 DEOPT UNPACKING pc=0x000002b1205fa1af sp=0x000000bcbe6fbc78 mode 2
Event: 639.188 Thread 0x000002b117e2d000 Uncommon trap: trap_request=0xffffffde fr.pc=0x000002b128120af4 relative=0x0000000000000a94
Event: 639.188 Thread 0x000002b117e2d000 Uncommon trap: reason=class_check action=maybe_recompile pc=0x000002b128120af4 method=jdk.internal.reflect.DelegatingMethodAccessorImpl.invoke(Ljava/lang/Object;[Ljava/lang/Object;)Ljava/lang/Object; @ 6 c2
Event: 639.188 Thread 0x000002b117e2d000 DEOPT PACKING pc=0x000002b128120af4 sp=0x000000bcbe6fbb00
Event: 639.188 Thread 0x000002b117e2d000 DEOPT UNPACKING pc=0x000002b1205fa1af sp=0x000000bcbe6fbaf8 mode 2
Event: 639.192 Thread 0x000002b117e2d000 Uncommon trap: trap_request=0xffffffde fr.pc=0x000002b128120af4 relative=0x0000000000000a94
Event: 639.192 Thread 0x000002b117e2d000 Uncommon trap: reason=class_check action=maybe_recompile pc=0x000002b128120af4 method=jdk.internal.reflect.DelegatingMethodAccessorImpl.invoke(Ljava/lang/Object;[Ljava/lang/Object;)Ljava/lang/Object; @ 6 c2
Event: 639.192 Thread 0x000002b117e2d000 DEOPT PACKING pc=0x000002b128120af4 sp=0x000000bcbe6fad90
Event: 639.192 Thread 0x000002b117e2d000 DEOPT UNPACKING pc=0x000002b1205fa1af sp=0x000000bcbe6fad88 mode 2

Classes redefined (0 events):
No events

Internal exceptions (14 events):
Event: 0.611 Thread 0x000002b117e2d000 Exception <a 'java/lang/NoSuchMethodError'{0x00000000ffc51cf8}: 'int java.lang.invoke.DirectMethodHandle$Holder.invokeStaticInit(java.lang.Object, java.lang.Object)'> (0x00000000ffc51cf8) thrown at [s\src\hotspot\share\interpreter\linkResolver.cpp, line 773]
Event: 0.711 Thread 0x000002b117e2d000 Exception <a 'java/lang/NoSuchMethodError'{0x00000000ffb27018}: 'int java.lang.invoke.DirectMethodHandle$Holder.invokeSpecial(java.lang.Object, java.lang.Object, java.lang.Object, java.lang.Object)'> (0x00000000ffb27018) thrown at [s\src\hotspot\share\interpreter\linkResolver.cpp, line 773]
Event: 0.726 Thread 0x000002b117e2d000 Exception <a 'java/lang/NoSuchMethodError'{0x00000000ffb5f700}: 'int java.lang.invoke.DirectMethodHandle$Holder.invokeSpecialIFC(java.lang.Object, java.lang.Object, int)'> (0x00000000ffb5f700) thrown at [s\src\hotspot\share\interpreter\linkResolver.cpp, line 773]
Event: 2.021 Thread 0x000002b117e2d000 Exception <a 'java/lang/NoClassDefFoundError'{0x00000000ff69af78}: org/slf4j/impl/StaticMarkerBinder> (0x00000000ff69af78) thrown at [s\src\hotspot\share\classfile\systemDictionary.cpp, line 219]
Event: 2.064 Thread 0x000002b117e2d000 Exception <a 'java/lang/NoSuchMethodError'{0x00000000ff59bdf0}: 'java.lang.Object java.lang.invoke.DirectMethodHandle$Holder.invokeVirtual(java.lang.Object, java.lang.Object, java.lang.Object, java.lang.Object, java.lang.Object, java.lang.Object, java.lang.Object)'> (0x00000000ff59bdf0) thrown at [s\src\hotspot\share\interpreter\linkResolver.cpp, line 773]
Event: 2.069 Thread 0x000002b117e2d000 Exception <a 'java/lang/NoSuchMethodError'{0x00000000ff5affd0}: 'java.lang.Object java.lang.invoke.Invokers$Holder.invoker(java.lang.Object, java.lang.Object, java.lang.Object)'> (0x00000000ff5affd0) thrown at [s\src\hotspot\share\interpreter\linkResolver.cpp, line 773]
Event: 2.077 Thread 0x000002b117e2d000 Exception <a 'java/lang/NoSuchMethodError'{0x00000000ff5c0aa0}: 'void java.lang.invoke.DelegatingMethodHandle$Holder.delegate(java.lang.Object, java.lang.Object, int, java.lang.Object)'> (0x00000000ff5c0aa0) thrown at [s\src\hotspot\share\interpreter\linkResolver.cpp, line 773]
Event: 2.488 Thread 0x000002b117e2d000 Exception <a 'java/lang/NoSuchMethodError'{0x00000000fe88d880}: 'java.lang.Object java.lang.invoke.DirectMethodHandle$Holder.invokeStaticInit(java.lang.Object, java.lang.Object, java.lang.Object)'> (0x00000000fe88d880) thrown at [s\src\hotspot\share\interpreter\linkResolver.cpp, line 773]
Event: 2.686 Thread 0x000002b117e2d000 Exception <a 'java/lang/NoSuchMethodError'{0x00000000fe362560}: 'java.lang.Object java.lang.invoke.DirectMethodHandle$Holder.invokeStaticInit(java.lang.Object, int, int, int, int)'> (0x00000000fe362560) thrown at [s\src\hotspot\share\interpreter\linkResolver.cpp, line 773]
Event: 3.100 Thread 0x000002b117e2d000 Exception <a 'java/lang/NoSuchMethodError'{0x00000000fe39a920}: 'java.lang.Object java.lang.invoke.DirectMethodHandle$Holder.invokeStaticInit(java.lang.Object, java.lang.Object, int, int, int, int)'> (0x00000000fe39a920) thrown at [s\src\hotspot\share\interpreter\linkResolver.cpp, line 773]
Event: 3.636 Thread 0x000002b117e2d000 Exception <a 'java/lang/NoSuchMethodError'{0x00000000fe26dbf8}: 'void java.lang.invoke.DirectMethodHandle$Holder.invokeSpecial(java.lang.Object, java.lang.Object)'> (0x00000000fe26dbf8) thrown at [s\src\hotspot\share\interpreter\linkResolver.cpp, line 773]
Event: 3.640 Thread 0x000002b117e2d000 Implicit null exception at 0x000002b1280aa1f4 to 0x000002b1280aa6f8
Event: 3.641 Thread 0x000002b117e2d000 Implicit null exception at 0x000002b1280a4f74 to 0x000002b1280a544c
Event: 639.184 Thread 0x000002b117e2d000 Exception <a 'java/lang/NoSuchMethodError'{0x00000000fec0f4d8}: <clinit>> (0x00000000fec0f4d8) thrown at [s\src\hotspot\share\prims\jni.cpp, line 1367]

Events (20 events):
Event: 639.107 loading class java/io/PrintWriter
Event: 639.174 loading class java/io/PrintWriter done
Event: 639.182 loading class java/io/ObjectStreamClass$1
Event: 639.183 loading class java/io/ObjectStreamClass$1 done
Event: 639.183 loading class java/io/ObjectStreamClass$MemberSignature
Event: 639.183 loading class java/io/ObjectStreamClass$MemberSignature done
Event: 639.183 loading class java/io/ObjectStreamClass$3
Event: 639.183 loading class java/io/ObjectStreamClass$3 done
Event: 639.183 loading class java/util/TimSort
Event: 639.184 loading class java/util/TimSort done
Event: 639.184 loading class java/io/ObjectStreamClass$4
Event: 639.185 loading class java/io/ObjectStreamClass$4 done
Event: 639.185 loading class java/io/ObjectStreamClass$5
Event: 639.185 loading class java/io/ObjectStreamClass$5 done
Event: 639.188 loading class org/gradle/internal/serialize/NestedExceptionPlaceholder
Event: 639.188 loading class org/gradle/internal/serialize/NestedExceptionPlaceholder done
Event: 639.202 loading class java/lang/Throwable$WrappedPrintWriter
Event: 639.202 loading class java/lang/Throwable$WrappedPrintWriter done
Event: 639.404 loading class com/google/common/base/Predicates$1
Event: 639.404 loading class com/google/common/base/Predicates$1 done


Dynamic libraries:
0x00007ff7371c0000 - 0x00007ff7371cd000 	C:\Program Files\Microsoft\jdk-11.0.20.8-hotspot\bin\java.exe
0x00007fff66070000 - 0x00007fff66268000 	C:\Windows\SYSTEM32\ntdll.dll
0x00007fff65ca0000 - 0x00007fff65d5d000 	C:\Windows\System32\KERNEL32.DLL
0x00007fff63c50000 - 0x00007fff63f46000 	C:\Windows\System32\KERNELBASE.dll
0x00007fff63aa0000 - 0x00007fff63ba0000 	C:\Windows\System32\ucrtbase.dll
0x00007fff5e210000 - 0x00007fff5e225000 	C:\Program Files\Microsoft\jdk-11.0.20.8-hotspot\bin\VCRUNTIME140.dll
0x00007fff5f460000 - 0x00007fff5f477000 	C:\Program Files\Microsoft\jdk-11.0.20.8-hotspot\bin\jli.dll
0x00007fff65b00000 - 0x00007fff65c9e000 	C:\Windows\System32\USER32.dll
0x00007fff64030000 - 0x00007fff64052000 	C:\Windows\System32\win32u.dll
0x00007fff53e50000 - 0x00007fff540ea000 	C:\Windows\WinSxS\amd64_microsoft.windows.common-controls_6595b64144ccf1df_6.0.19041.3636_none_60b6a03d71f818d5\COMCTL32.dll
0x00007fff659f0000 - 0x00007fff65a1c000 	C:\Windows\System32\GDI32.dll
0x00007fff65ed0000 - 0x00007fff65f6e000 	C:\Windows\System32\msvcrt.dll
0x00007fff638b0000 - 0x00007fff639ca000 	C:\Windows\System32\gdi32full.dll
0x00007fff639d0000 - 0x00007fff63a6d000 	C:\Windows\System32\msvcp_win.dll
0x00007fff647a0000 - 0x00007fff647d0000 	C:\Windows\System32\IMM32.DLL
0x00007fff439c0000 - 0x00007fff43a5b000 	C:\Program Files\Microsoft\jdk-11.0.20.8-hotspot\bin\msvcp140.dll
0x00007ffefda80000 - 0x00007ffefe616000 	C:\Program Files\Microsoft\jdk-11.0.20.8-hotspot\bin\server\jvm.dll
0x00007fff65e20000 - 0x00007fff65ecf000 	C:\Windows\System32\ADVAPI32.dll
0x00007fff65850000 - 0x00007fff658ec000 	C:\Windows\System32\sechost.dll
0x00007fff647d0000 - 0x00007fff648f6000 	C:\Windows\System32\RPCRT4.dll
0x00007fff64ab0000 - 0x00007fff64ab8000 	C:\Windows\System32\PSAPI.DLL
0x00007fff5f4b0000 - 0x00007fff5f4b9000 	C:\Windows\SYSTEM32\WSOCK32.dll
0x00007fff65980000 - 0x00007fff659eb000 	C:\Windows\System32\WS2_32.dll
0x00007fff54160000 - 0x00007fff54187000 	C:\Windows\SYSTEM32\WINMM.dll
0x00007fff5a970000 - 0x00007fff5a97a000 	C:\Windows\SYSTEM32\VERSION.dll
0x00007fff61610000 - 0x00007fff61622000 	C:\Windows\SYSTEM32\kernel.appcore.dll
0x00007fff5e0a0000 - 0x00007fff5e0b0000 	C:\Program Files\Microsoft\jdk-11.0.20.8-hotspot\bin\verify.dll
0x00007fff4c400000 - 0x00007fff4c5e4000 	C:\Windows\SYSTEM32\DBGHELP.DLL
0x00007fff4c3c0000 - 0x00007fff4c3f4000 	C:\Windows\SYSTEM32\dbgcore.DLL
0x00007fff63f50000 - 0x00007fff63fd2000 	C:\Windows\System32\bcryptPrimitives.dll
0x00007fff53b20000 - 0x00007fff53b48000 	C:\Program Files\Microsoft\jdk-11.0.20.8-hotspot\bin\java.dll
0x00007fff5d830000 - 0x00007fff5d83a000 	C:\Program Files\Microsoft\jdk-11.0.20.8-hotspot\bin\jimage.dll
0x00007fff5c420000 - 0x00007fff5c438000 	C:\Program Files\Microsoft\jdk-11.0.20.8-hotspot\bin\zip.dll
0x00007fff64ac0000 - 0x00007fff65204000 	C:\Windows\System32\SHELL32.dll
0x00007fff61810000 - 0x00007fff61fab000 	C:\Windows\SYSTEM32\windows.storage.dll
0x00007fff652e0000 - 0x00007fff65634000 	C:\Windows\System32\combase.dll
0x00007fff63190000 - 0x00007fff631bd000 	C:\Windows\SYSTEM32\Wldp.dll
0x00007fff65210000 - 0x00007fff652bd000 	C:\Windows\System32\SHCORE.dll
0x00007fff65fd0000 - 0x00007fff66025000 	C:\Windows\System32\shlwapi.dll
0x00007fff63680000 - 0x00007fff636a5000 	C:\Windows\SYSTEM32\profapi.dll
0x00007fff5bf50000 - 0x00007fff5bf69000 	C:\Program Files\Microsoft\jdk-11.0.20.8-hotspot\bin\net.dll
0x00007fff55590000 - 0x00007fff5569a000 	C:\Windows\SYSTEM32\WINHTTP.dll
0x00007fff62ef0000 - 0x00007fff62f5a000 	C:\Windows\system32\mswsock.dll
0x00007fff55d90000 - 0x00007fff55da3000 	C:\Program Files\Microsoft\jdk-11.0.20.8-hotspot\bin\nio.dll
0x00007fff4ede0000 - 0x00007fff4ee07000 	C:\Users\aanan\.gradle\native\68d5fa5c4cc2d200863cafc0d521ce42e7d3e7ee720ec0a83991735586a16f82\windows-amd64\native-platform.dll
0x00007fff5f4a0000 - 0x00007fff5f4aa000 	C:\Users\aanan\.gradle\native\jansi\1.18\windows64\jansi.dll
0x00007fff5ced0000 - 0x00007fff5ced9000 	C:\Program Files\Microsoft\jdk-11.0.20.8-hotspot\bin\management.dll
0x00007fff58730000 - 0x00007fff5873b000 	C:\Program Files\Microsoft\jdk-11.0.20.8-hotspot\bin\management_ext.dll
0x00007fff630e0000 - 0x00007fff630f8000 	C:\Windows\SYSTEM32\CRYPTSP.dll
0x00007fff627b0000 - 0x00007fff627e4000 	C:\Windows\system32\rsaenh.dll
0x00007fff63a70000 - 0x00007fff63a97000 	C:\Windows\System32\bcrypt.dll
0x00007fff63640000 - 0x00007fff6366e000 	C:\Windows\SYSTEM32\USERENV.dll
0x00007fff63100000 - 0x00007fff6310c000 	C:\Windows\SYSTEM32\CRYPTBASE.dll
0x00007fff62b90000 - 0x00007fff62bcb000 	C:\Windows\SYSTEM32\IPHLPAPI.DLL
0x00007fff65e10000 - 0x00007fff65e18000 	C:\Windows\System32\NSI.dll
0x00007fff55f50000 - 0x00007fff55f67000 	C:\Windows\SYSTEM32\dhcpcsvc6.DLL
0x00007fff58590000 - 0x00007fff585ad000 	C:\Windows\SYSTEM32\dhcpcsvc.DLL
0x00007fff62be0000 - 0x00007fff62caa000 	C:\Windows\SYSTEM32\DNSAPI.dll

dbghelp: loaded successfully - version: 4.0.5 - missing functions: none
symbol engine: initialized successfully - sym options: 0x614 - pdb path: .;C:\Program Files\Microsoft\jdk-11.0.20.8-hotspot\bin;C:\Windows\SYSTEM32;C:\Windows\WinSxS\amd64_microsoft.windows.common-controls_6595b64144ccf1df_6.0.19041.3636_none_60b6a03d71f818d5;C:\Program Files\Microsoft\jdk-11.0.20.8-hotspot\bin\server;C:\Users\aanan\.gradle\native\68d5fa5c4cc2d200863cafc0d521ce42e7d3e7ee720ec0a83991735586a16f82\windows-amd64;C:\Users\aanan\.gradle\native\jansi\1.18\windows64

VM Arguments:
jvm_args: -Xmx64m -Xms64m -Dorg.gradle.appname=gradlew 
java_command: org.gradle.wrapper.GradleWrapperMain app:installDebug -PreactNativeDevServerPort=8081
java_class_path (initial): C:\Users\aanan\Desktop\dryfi_delivery_new-main\dryfi_delivery_new-main\android\\gradle\wrapper\gradle-wrapper.jar
Launcher Type: SUN_STANDARD

[Global flags]
     intx CICompilerCount                          = 3                                         {product} {ergonomic}
     uint ConcGCThreads                            = 1                                         {product} {ergonomic}
     uint G1ConcRefinementThreads                  = 4                                         {product} {ergonomic}
   size_t G1HeapRegionSize                         = 1048576                                   {product} {ergonomic}
    uintx GCDrainStackTargetSize                   = 64                                        {product} {ergonomic}
   size_t InitialHeapSize                          = 67108864                                  {product} {command line}
   size_t MarkStackSize                            = 4194304                                   {product} {ergonomic}
   size_t MaxHeapSize                              = 67108864                                  {product} {command line}
   size_t MaxNewSize                               = 39845888                                  {product} {ergonomic}
   size_t MinHeapDeltaBytes                        = 1048576                                   {product} {ergonomic}
    uintx NonNMethodCodeHeapSize                   = 5830732                                {pd product} {ergonomic}
    uintx NonProfiledCodeHeapSize                  = 122913754                              {pd product} {ergonomic}
    uintx ProfiledCodeHeapSize                     = 122913754                              {pd product} {ergonomic}
    uintx ReservedCodeCacheSize                    = 251658240                              {pd product} {ergonomic}
     bool SegmentedCodeCache                       = true                                      {product} {ergonomic}
     bool UseCompressedClassPointers               = true                                 {lp64_product} {ergonomic}
     bool UseCompressedOops                        = true                                 {lp64_product} {ergonomic}
     bool UseG1GC                                  = true                                      {product} {ergonomic}
     bool UseLargePagesIndividualAllocation        = false                                  {pd product} {ergonomic}

Logging:
Log output configuration:
 #0: stdout all=warning uptime,level,tags
 #1: stderr all=off uptime,level,tags

Environment Variables:
JAVA_HOME=C:\Program Files\Microsoft\jdk-11.0.20.8-hotspot\
CLASSPATH=C:\Users\aanan\Desktop\dryfi_delivery_new-main\dryfi_delivery_new-main\android\\gradle\wrapper\gradle-wrapper.jar
PATH=C:\Users\aanan\Desktop\dryfi_delivery_new-main\dryfi_delivery_new-main\node_modules\.bin;C:\Users\aanan\Desktop\dryfi_delivery_new-main\node_modules\.bin;C:\Users\aanan\Desktop\node_modules\.bin;C:\Users\aanan\node_modules\.bin;C:\Users\node_modules\.bin;C:\node_modules\.bin;C:\Program Files\nodejs\node_modules\npm\node_modules\@npmcli\run-script\lib\node-gyp-bin;C:\Program Files\Microsoft\jdk-11.0.20.8-hotspot\bin;C:\Program Files (x86)\Intel\iCLS Client\;C:\Program Files\Intel\iCLS Client\;C:\Windows\system32;C:\Windows;C:\Windows\System32\Wbem;C:\Windows\System32\WindowsPowerShell\v1.0\;C:\Windows\System32\OpenSSH\;C:\Program Files\dotnet\;C:\Program Files\Intel\Intel(R) Management Engine Components\DAL;C:\Program Files\Intel\Intel(R) Management Engine Components\IPT;C:\Program Files (x86)\Intel\Intel(R) Management Engine Components\DAL;C:\Program Files (x86)\Intel\Intel(R) Management Engine Components\IPT;C:\ProgramData\chocolatey\bin;C:\Program Files\nodejs\;C:\Users\aanan\AppData\Local\Android\Sdk\platform-tools;C:\Users\aanan\AppData\Local\Microsoft\WindowsApps;;C:\Users\aanan\AppData\Local\Programs\Microsoft VS Code\bin;C:\Users\aanan\AppData\Roaming\npm
USERNAME=Devendra
OS=Windows_NT
PROCESSOR_IDENTIFIER=Intel64 Family 6 Model 69 Stepping 1, GenuineIntel
TMP=C:\Users\aanan\AppData\Local\Temp
TEMP=C:\Users\aanan\AppData\Local\Temp



---------------  S Y S T E M  ---------------

OS: Windows 10 , 64 bit Build 19041 (10.0.19041.3636)
OS uptime: 0 days 12:02 hours

CPU:total 4 (initial active 4) (2 cores per cpu, 2 threads per core) family 6 model 69 stepping 1 microcode 0x25, cmov, cx8, fxsr, mmx, sse, sse2, sse3, ssse3, sse4.1, sse4.2, popcnt, avx, avx2, aes, clmul, erms, lzcnt, ht, tsc, tscinvbit, bmi1, bmi2, fma

Memory: 4k page, system-wide physical 6024M (315M free)
TotalPageFile size 8072M (AvailPageFile size 0M)
current process WorkingSet (physical memory assigned to process): 73M, peak: 130M
current process commit charge ("private bytes"): 158M, peak: 185M

vm_info: OpenJDK 64-Bit Server VM (11.0.20+8-LTS) for windows-amd64 JRE (11.0.20+8-LTS), built on Jul  7 2023 17:05:21 by "MicrosoftCorporation" with MS VC++ 15.9 (VS2017)

END.
