#
# There is insufficient memory for the Java Runtime Environment to continue.
# Native memory allocation (malloc) failed to allocate 2476656 bytes for Chunk::new
# Possible reasons:
#   The system is out of physical RAM or swap space
#   The process is running with CompressedOops enabled, and the Java Heap may be blocking the growth of the native heap
# Possible solutions:
#   Reduce memory load on the system
#   Increase physical memory or swap space
#   Check if swap backing store is full
#   Decrease Java heap size (-Xmx/-Xms)
#   Decrease number of Java threads
#   Decrease Java thread stack sizes (-Xss)
#   Set larger code cache with -XX:ReservedCodeCacheSize=
#   JVM is running with Unscaled Compressed Oops mode in which the Java heap is
#     placed in the first 4GB address space. The Java Heap base address is the
#     maximum limit for the native heap growth. Please use -XX:HeapBaseMinAddress
#     to set the Java Heap base and to place the Java Heap above 4GB virtual address.
# This output file may be truncated or incomplete.
#
#  Out of Memory Error (arena.cpp:197), pid=2880, tid=4652
#
# JRE version: OpenJDK Runtime Environment Microsoft-8035250 (11.0.20+8) (build 11.0.20+8-LTS)
# Java VM: OpenJDK 64-Bit Server VM Microsoft-8035250 (11.0.20+8-LTS, mixed mode, tiered, compressed oops, g1 gc, windows-amd64)
# No core dump will be written. Minidumps are not enabled by default on client versions of Windows
#

---------------  S U M M A R Y ------------

Command Line: -XX:MaxMetaspaceSize=512m --add-opens=java.base/java.util=ALL-UNNAMED --add-opens=java.base/java.lang=ALL-UNNAMED --add-opens=java.base/java.lang.invoke=ALL-UNNAMED --add-opens=java.prefs/java.util.prefs=ALL-UNNAMED --add-opens=java.base/java.nio.charset=ALL-UNNAMED --add-opens=java.base/java.net=ALL-UNNAMED --add-opens=java.base/java.util.concurrent.atomic=ALL-UNNAMED -Xmx2048m -Dfile.encoding=windows-1252 -Duser.country=IN -Duser.language=en -Duser.variant org.gradle.launcher.daemon.bootstrap.GradleDaemon 8.0.1

Host: Intel(R) Core(TM) i3-4010U CPU @ 1.70GHz, 4 cores, 5G,  Windows 10 , 64 bit Build 19041 (10.0.19041.3636)
Time: Sat Nov 25 18:10:21 2023 India Standard Time elapsed time: 209.176019 seconds (0d 0h 3m 29s)

---------------  T H R E A D  ---------------

Current thread (0x00000275b90b1800):  JavaThread "C2 CompilerThread1" daemon [_thread_in_native, id=4652, stack(0x000000baf5900000,0x000000baf5a00000)]


Current CompileTask:
C2: 209176 8426   !   4       java.io.ObjectOutputStream::writeObject0 (619 bytes)

Stack: [0x000000baf5900000,0x000000baf5a00000]
Native frames: (J=compiled Java code, j=interpreted, Vv=VM code, C=native code)
V  [jvm.dll+0x62e9da]
V  [jvm.dll+0x7bc4e9]
V  [jvm.dll+0x7bdbd8]
V  [jvm.dll+0x7be2b3]
V  [jvm.dll+0x2505a8]
V  [jvm.dll+0xc263c]
V  [jvm.dll+0xc2bfc]
V  [jvm.dll+0x35fdc7]
V  [jvm.dll+0x32bf13]
V  [jvm.dll+0x32b24a]
V  [jvm.dll+0x2097e3]
V  [jvm.dll+0x20893d]
V  [jvm.dll+0x18a7de]
V  [jvm.dll+0x2181ec]
V  [jvm.dll+0x21642b]
V  [jvm.dll+0x77efc0]
V  [jvm.dll+0x777db4]
V  [jvm.dll+0x62d845]
C  [ucrtbase.dll+0x21bb2]
C  [KERNEL32.DLL+0x17344]
C  [ntdll.dll+0x526b1]


---------------  P R O C E S S  ---------------

Threads class SMR info:
_java_thread_list=0x00000275b6357060, length=93, elements={
0x0000027592665000, 0x00000275b0e8d800, 0x00000275b0e96800, 0x00000275b0eee000,
0x00000275b0ef0000, 0x00000275b0ef1000, 0x00000275b0ef9800, 0x00000275b0f03000,
0x00000275b0f04800, 0x00000275b195d000, 0x00000275b2c26000, 0x00000275b1c89000,
0x00000275b3364000, 0x00000275b1851000, 0x00000275b1855000, 0x00000275b1853800,
0x00000275b1854800, 0x00000275b1856000, 0x00000275b1857000, 0x00000275b5b64800,
0x00000275b5b63800, 0x00000275b5b63000, 0x00000275b5b5f800, 0x00000275b5b66000,
0x00000275b5b60800, 0x00000275b5b67000, 0x00000275b5b62000, 0x00000275b5b61800,
0x00000275b5b6c800, 0x00000275b5b68000, 0x00000275b5b6c000, 0x00000275b5b68800,
0x00000275b5b69800, 0x00000275b5b6a800, 0x00000275b5b6b000, 0x00000275b5b6d800,
0x00000275b1852000, 0x00000275b1852800, 0x00000275b5da7800, 0x00000275b5da4000,
0x00000275b5da5000, 0x00000275b5da5800, 0x00000275b5da6800, 0x00000275b5da1800,
0x00000275b5da8000, 0x00000275b5da2800, 0x00000275b5da9000, 0x00000275b5da3000,
0x00000275b5dae000, 0x00000275b5daf800, 0x00000275b5daa000, 0x00000275b5dab800,
0x00000275b5daa800, 0x00000275b5db0800, 0x00000275b5dac000, 0x00000275b5dad000,
0x00000275b5dae800, 0x00000275b7c13800, 0x00000275b7c16000, 0x00000275b7c15000,
0x00000275b7c10800, 0x00000275b7c17000, 0x00000275b7c11000, 0x00000275b7c12000,
0x00000275b7c17800, 0x00000275b7c18800, 0x00000275b7c12800, 0x00000275b7c1d800,
0x00000275b7c1e000, 0x00000275b7c1a000, 0x00000275b7c1b000, 0x00000275b7c19800,
0x00000275b7c1b800, 0x00000275b7c1f000, 0x00000275b7c1c800, 0x00000275b59d5000,
0x00000275b59d1800, 0x00000275b59cf000, 0x00000275b59d6000, 0x00000275b59d3800,
0x00000275b59d4000, 0x00000275b59d0000, 0x00000275b59d6800, 0x00000275b59d1000,
0x00000275b59d2800, 0x00000275b59da800, 0x00000275b59db800, 0x00000275b59d7800,
0x00000275b59de000, 0x00000275b90b1800, 0x00000275b59d8000, 0x00000275b59dc800,
0x00000275b59d9000
}

Java Threads: ( => current thread )
  0x0000027592665000 JavaThread "main" [_thread_blocked, id=5484, stack(0x000000baef900000,0x000000baefa00000)]
  0x00000275b0e8d800 JavaThread "Reference Handler" daemon [_thread_blocked, id=2396, stack(0x000000baf0000000,0x000000baf0100000)]
  0x00000275b0e96800 JavaThread "Finalizer" daemon [_thread_blocked, id=1172, stack(0x000000baf0100000,0x000000baf0200000)]
  0x00000275b0eee000 JavaThread "Signal Dispatcher" daemon [_thread_blocked, id=428, stack(0x000000baf0200000,0x000000baf0300000)]
  0x00000275b0ef0000 JavaThread "Attach Listener" daemon [_thread_blocked, id=5152, stack(0x000000baf0300000,0x000000baf0400000)]
  0x00000275b0ef1000 JavaThread "Service Thread" daemon [_thread_blocked, id=10152, stack(0x000000baf0400000,0x000000baf0500000)]
  0x00000275b0ef9800 JavaThread "C2 CompilerThread0" daemon [_thread_blocked, id=6388, stack(0x000000baf0500000,0x000000baf0600000)]
  0x00000275b0f03000 JavaThread "C1 CompilerThread0" daemon [_thread_blocked, id=784, stack(0x000000baf0600000,0x000000baf0700000)]
  0x00000275b0f04800 JavaThread "Sweeper thread" daemon [_thread_blocked, id=8420, stack(0x000000baf0700000,0x000000baf0800000)]
  0x00000275b195d000 JavaThread "Common-Cleaner" daemon [_thread_blocked, id=7216, stack(0x000000baf0800000,0x000000baf0900000)]
  0x00000275b2c26000 JavaThread "Daemon health stats" [_thread_blocked, id=4132, stack(0x000000baf0b00000,0x000000baf0c00000)]
  0x00000275b1c89000 JavaThread "Incoming local TCP Connector on port 50153" [_thread_in_native, id=6064, stack(0x000000baf0c00000,0x000000baf0d00000)]
  0x00000275b3364000 JavaThread "Daemon periodic checks" [_thread_blocked, id=7680, stack(0x000000baf0d00000,0x000000baf0e00000)]
  0x00000275b1851000 JavaThread "Cache worker for journal cache (C:\Users\aanan\.gradle\caches\journal-1)" [_thread_blocked, id=7720, stack(0x000000baf1700000,0x000000baf1800000)]
  0x00000275b1855000 JavaThread "File lock request listener" [_thread_in_native, id=7156, stack(0x000000baf1800000,0x000000baf1900000)]
  0x00000275b1853800 JavaThread "Cache worker for file hash cache (C:\Users\aanan\.gradle\caches\8.0.1\fileHashes)" [_thread_blocked, id=8644, stack(0x000000baf1900000,0x000000baf1a00000)]
  0x00000275b1854800 JavaThread "File watcher server" daemon [_thread_in_native, id=8604, stack(0x000000baf1a00000,0x000000baf1b00000)]
  0x00000275b1856000 JavaThread "File watcher consumer" daemon [_thread_blocked, id=5824, stack(0x000000baf1b00000,0x000000baf1c00000)]
  0x00000275b1857000 JavaThread "Cache worker for file content cache (C:\Users\aanan\.gradle\caches\8.0.1\fileContent)" [_thread_blocked, id=6804, stack(0x000000baf1e00000,0x000000baf1f00000)]
  0x00000275b5b64800 JavaThread "Cache worker for execution history cache (C:\Users\aanan\.gradle\caches\8.0.1\executionHistory)" [_thread_blocked, id=10280, stack(0x000000baf2100000,0x000000baf2200000)]
  0x00000275b5b63800 JavaThread "jar transforms" [_thread_blocked, id=10408, stack(0x000000baf2200000,0x000000baf2300000)]
  0x00000275b5b63000 JavaThread "jar transforms Thread 2" [_thread_blocked, id=10428, stack(0x000000baf2300000,0x000000baf2400000)]
  0x00000275b5b5f800 JavaThread "jar transforms Thread 3" [_thread_blocked, id=10464, stack(0x000000baf2400000,0x000000baf2500000)]
  0x00000275b5b66000 JavaThread "jar transforms Thread 4" [_thread_blocked, id=10468, stack(0x000000baf2500000,0x000000baf2600000)]
  0x00000275b5b60800 JavaThread "Daemon Thread 2" [_thread_blocked, id=10496, stack(0x000000baef600000,0x000000baef700000)]
  0x00000275b5b67000 JavaThread "Handler for socket connection from /127.0.0.1:50153 to /127.0.0.1:50244" [_thread_in_native, id=6916, stack(0x000000baef700000,0x000000baef800000)]
  0x00000275b5b62000 JavaThread "Cancel handler" [_thread_blocked, id=5412, stack(0x000000baef800000,0x000000baef900000)]
  0x00000275b5b61800 JavaThread "Daemon worker Thread 2" [_thread_blocked, id=10384, stack(0x000000baf0e00000,0x000000baf0f00000)]
  0x00000275b5b6c800 JavaThread "Asynchronous log dispatcher for DefaultDaemonConnection: socket connection from /127.0.0.1:50153 to /127.0.0.1:50244" [_thread_blocked, id=6308, stack(0x000000baf0f00000,0x000000baf1000000)]
  0x00000275b5b68000 JavaThread "Stdin handler" [_thread_blocked, id=9788, stack(0x000000baf1000000,0x000000baf1100000)]
  0x00000275b5b6c000 JavaThread "Daemon client event forwarder" [_thread_blocked, id=10120, stack(0x000000baf1100000,0x000000baf1200000)]
  0x00000275b5b68800 JavaThread "Cache worker for checksums cache (C:\Users\aanan\Desktop\dryfi_delivery_new-main\dryfi_delivery_new-main\android\.gradle\8.0.1\checksums)" [_thread_blocked, id=7512, stack(0x000000baf1200000,0x000000baf1300000)]
  0x00000275b5b69800 JavaThread "Cache worker for cache directory md-rule (C:\Users\aanan\.gradle\caches\8.0.1\md-rule)" [_thread_blocked, id=10248, stack(0x000000baf1300000,0x000000baf1400000)]
  0x00000275b5b6a800 JavaThread "Cache worker for file hash cache (C:\Users\aanan\Desktop\dryfi_delivery_new-main\dryfi_delivery_new-main\android\.gradle\8.0.1\fileHashes)" [_thread_blocked, id=2520, stack(0x000000baf1400000,0x000000baf1500000)]
  0x00000275b5b6b000 JavaThread "Cache worker for cache directory md-supplier (C:\Users\aanan\.gradle\caches\8.0.1\md-supplier)" [_thread_blocked, id=2552, stack(0x000000baf1c00000,0x000000baf1d00000)]
  0x00000275b5b6d800 JavaThread "Cache worker for kotlin-dsl (C:\Users\aanan\.gradle\caches\8.0.1\kotlin-dsl)" [_thread_blocked, id=11232, stack(0x000000baf1f00000,0x000000baf2000000)]
  0x00000275b1852000 JavaThread "Cache worker for dependencies-accessors (C:\Users\aanan\Desktop\dryfi_delivery_new-main\dryfi_delivery_new-main\android\.gradle\8.0.1\dependencies-accessors)" [_thread_blocked, id=10288, stack(0x000000baf2000000,0x000000baf2100000)]
  0x00000275b1852800 JavaThread "Cache worker for Build Output Cleanup Cache (C:\Users\aanan\Desktop\dryfi_delivery_new-main\dryfi_delivery_new-main\node_modules\@react-native\gradle-plugin\.gradle\buildOutputCleanup)" [_thread_blocked, id=10756, stack(0x000000baf2600000,0x000000baf2700000)]
  0x00000275b5da7800 JavaThread "Unconstrained build operations" [_thread_blocked, id=7956, stack(0x000000baf2700000,0x000000baf2800000)]
  0x00000275b5da4000 JavaThread "Unconstrained build operations Thread 2" [_thread_blocked, id=1116, stack(0x000000baf2800000,0x000000baf2900000)]
  0x00000275b5da5000 JavaThread "Unconstrained build operations Thread 3" [_thread_blocked, id=10904, stack(0x000000baf2900000,0x000000baf2a00000)]
  0x00000275b5da5800 JavaThread "Unconstrained build operations Thread 4" [_thread_blocked, id=10776, stack(0x000000baf2a00000,0x000000baf2b00000)]
  0x00000275b5da6800 JavaThread "Unconstrained build operations Thread 5" [_thread_blocked, id=3692, stack(0x000000baf2b00000,0x000000baf2c00000)]
  0x00000275b5da1800 JavaThread "Unconstrained build operations Thread 6" [_thread_blocked, id=6384, stack(0x000000baf2c00000,0x000000baf2d00000)]
  0x00000275b5da8000 JavaThread "Unconstrained build operations Thread 7" [_thread_blocked, id=9792, stack(0x000000baf2d00000,0x000000baf2e00000)]
  0x00000275b5da2800 JavaThread "Unconstrained build operations Thread 8" [_thread_blocked, id=1112, stack(0x000000baf2e00000,0x000000baf2f00000)]
  0x00000275b5da9000 JavaThread "Unconstrained build operations Thread 9" [_thread_blocked, id=9292, stack(0x000000baf2f00000,0x000000baf3000000)]
  0x00000275b5da3000 JavaThread "Unconstrained build operations Thread 10" [_thread_blocked, id=11076, stack(0x000000baf3000000,0x000000baf3100000)]
  0x00000275b5dae000 JavaThread "Unconstrained build operations Thread 11" [_thread_blocked, id=3864, stack(0x000000baf3100000,0x000000baf3200000)]
  0x00000275b5daf800 JavaThread "Unconstrained build operations Thread 12" [_thread_blocked, id=3420, stack(0x000000baf3200000,0x000000baf3300000)]
  0x00000275b5daa000 JavaThread "Unconstrained build operations Thread 13" [_thread_blocked, id=11140, stack(0x000000baf3300000,0x000000baf3400000)]
  0x00000275b5dab800 JavaThread "Unconstrained build operations Thread 14" [_thread_blocked, id=3976, stack(0x000000baf3400000,0x000000baf3500000)]
  0x00000275b5daa800 JavaThread "Unconstrained build operations Thread 15" [_thread_blocked, id=1332, stack(0x000000baf3500000,0x000000baf3600000)]
  0x00000275b5db0800 JavaThread "Unconstrained build operations Thread 16" [_thread_blocked, id=4224, stack(0x000000baf3600000,0x000000baf3700000)]
  0x00000275b5dac000 JavaThread "Unconstrained build operations Thread 17" [_thread_blocked, id=10532, stack(0x000000baf3700000,0x000000baf3800000)]
  0x00000275b5dad000 JavaThread "Unconstrained build operations Thread 18" [_thread_blocked, id=3760, stack(0x000000baf3800000,0x000000baf3900000)]
  0x00000275b5dae800 JavaThread "Unconstrained build operations Thread 19" [_thread_blocked, id=1676, stack(0x000000baf3900000,0x000000baf3a00000)]
  0x00000275b7c13800 JavaThread "Unconstrained build operations Thread 20" [_thread_blocked, id=9820, stack(0x000000baf3a00000,0x000000baf3b00000)]
  0x00000275b7c16000 JavaThread "Unconstrained build operations Thread 21" [_thread_blocked, id=8712, stack(0x000000baf3b00000,0x000000baf3c00000)]
  0x00000275b7c15000 JavaThread "Unconstrained build operations Thread 22" [_thread_blocked, id=4456, stack(0x000000baf3c00000,0x000000baf3d00000)]
  0x00000275b7c10800 JavaThread "Unconstrained build operations Thread 23" [_thread_blocked, id=4188, stack(0x000000baf3d00000,0x000000baf3e00000)]
  0x00000275b7c17000 JavaThread "Unconstrained build operations Thread 24" [_thread_blocked, id=10380, stack(0x000000baf3e00000,0x000000baf3f00000)]
  0x00000275b7c11000 JavaThread "Unconstrained build operations Thread 25" [_thread_blocked, id=6704, stack(0x000000baf3f00000,0x000000baf4000000)]
  0x00000275b7c12000 JavaThread "Unconstrained build operations Thread 26" [_thread_blocked, id=4816, stack(0x000000baf4000000,0x000000baf4100000)]
  0x00000275b7c17800 JavaThread "Memory manager" [_thread_blocked, id=4252, stack(0x000000baf4100000,0x000000baf4200000)]
  0x00000275b7c18800 JavaThread "Cache worker for Build Output Cleanup Cache (C:\Users\aanan\Desktop\dryfi_delivery_new-main\dryfi_delivery_new-main\android\.gradle\buildOutputCleanup)" [_thread_blocked, id=3784, stack(0x000000baf4200000,0x000000baf4300000)]
  0x00000275b7c12800 JavaThread "included builds" [_thread_blocked, id=10320, stack(0x000000baf4300000,0x000000baf4400000)]
  0x00000275b7c1d800 JavaThread "Execution worker" [_thread_blocked, id=9832, stack(0x000000baf4400000,0x000000baf4500000)]
  0x00000275b7c1e000 JavaThread "Execution worker Thread 2" [_thread_blocked, id=8680, stack(0x000000baf4500000,0x000000baf4600000)]
  0x00000275b7c1a000 JavaThread "Execution worker Thread 3" [_thread_blocked, id=1684, stack(0x000000baf4600000,0x000000baf4700000)]
  0x00000275b7c1b000 JavaThread "Cache worker for execution history cache (C:\Users\aanan\Desktop\dryfi_delivery_new-main\dryfi_delivery_new-main\node_modules\@react-native\gradle-plugin\.gradle\8.0.1\executionHistory)" [_thread_blocked, id=5228, stack(0x000000baf4700000,0x000000baf4800000)]
  0x00000275b7c19800 JavaThread "Unconstrained build operations Thread 27" [_thread_blocked, id=8256, stack(0x000000baf4800000,0x000000baf4900000)]
  0x00000275b7c1b800 JavaThread "Unconstrained build operations Thread 28" [_thread_blocked, id=10032, stack(0x000000baf4900000,0x000000baf4a00000)]
  0x00000275b7c1f000 JavaThread "Unconstrained build operations Thread 29" [_thread_blocked, id=9676, stack(0x000000baf4a00000,0x000000baf4b00000)]
  0x00000275b7c1c800 JavaThread "Unconstrained build operations Thread 30" [_thread_blocked, id=5668, stack(0x000000baf4b00000,0x000000baf4c00000)]
  0x00000275b59d5000 JavaThread "Unconstrained build operations Thread 31" [_thread_blocked, id=1072, stack(0x000000baf4c00000,0x000000baf4d00000)]
  0x00000275b59d1800 JavaThread "Unconstrained build operations Thread 32" [_thread_blocked, id=1524, stack(0x000000baf4d00000,0x000000baf4e00000)]
  0x00000275b59cf000 JavaThread "Unconstrained build operations Thread 33" [_thread_blocked, id=7924, stack(0x000000baf4e00000,0x000000baf4f00000)]
  0x00000275b59d6000 JavaThread "Unconstrained build operations Thread 34" [_thread_blocked, id=7016, stack(0x000000baf4f00000,0x000000baf5000000)]
  0x00000275b59d3800 JavaThread "Unconstrained build operations Thread 35" [_thread_blocked, id=1500, stack(0x000000baf5000000,0x000000baf5100000)]
  0x00000275b59d4000 JavaThread "Unconstrained build operations Thread 36" [_thread_blocked, id=1740, stack(0x000000baf5100000,0x000000baf5200000)]
  0x00000275b59d0000 JavaThread "Unconstrained build operations Thread 37" [_thread_blocked, id=8288, stack(0x000000baf5200000,0x000000baf5300000)]
  0x00000275b59d6800 JavaThread "Unconstrained build operations Thread 38" [_thread_blocked, id=1392, stack(0x000000baf5300000,0x000000baf5400000)]
  0x00000275b59d1000 JavaThread "Unconstrained build operations Thread 39" [_thread_blocked, id=5904, stack(0x000000baf5400000,0x000000baf5500000)]
  0x00000275b59d2800 JavaThread "Unconstrained build operations Thread 40" [_thread_blocked, id=2464, stack(0x000000baf5500000,0x000000baf5600000)]
  0x00000275b59da800 JavaThread "WorkerExecutor Queue" [_thread_in_native, id=7584, stack(0x000000baf5600000,0x000000baf5700000)]
  0x00000275b59db800 JavaThread "RMI Scheduler(0)" daemon [_thread_blocked, id=1448, stack(0x000000baf1d00000,0x000000baf1e00000)]
  0x00000275b59d7800 JavaThread "RMI RenewClean-[127.0.0.1:17660,org.jetbrains.kotlin.daemon.common.LoopbackNetworkInterface$ClientLoopbackSocketFactory@6874e877]" daemon [_thread_blocked, id=10876, stack(0x000000baf5700000,0x000000baf5800000)]
  0x00000275b59de000 JavaThread "RMI GC Daemon" daemon [_thread_blocked, id=11096, stack(0x000000baf5800000,0x000000baf5900000)]
=>0x00000275b90b1800 JavaThread "C2 CompilerThread1" daemon [_thread_in_native, id=4652, stack(0x000000baf5900000,0x000000baf5a00000)]
  0x00000275b59d8000 JavaThread "RMI TCP Accept-0" daemon [_thread_in_native, id=6100, stack(0x000000baf5a00000,0x000000baf5b00000)]
  0x00000275b59dc800 JavaThread "RMI Reaper" [_thread_blocked, id=5352, stack(0x000000baf5b00000,0x000000baf5c00000)]
  0x00000275b59d9000 JavaThread "RMI TCP Connection(1)-127.0.0.1" daemon [_thread_in_native, id=3132, stack(0x000000baf5c00000,0x000000baf5d00000)]

Other Threads:
  0x00000275b0e8a800 VMThread "VM Thread" [stack: 0x000000baeff00000,0x000000baf0000000] [id=2796]
  0x00000275b19cb800 WatcherThread [stack: 0x000000baf0900000,0x000000baf0a00000] [id=5252]
  0x0000027592677800 GCTaskThread "GC Thread#0" [stack: 0x000000baefa00000,0x000000baefb00000] [id=5716]
  0x00000275b1cb3800 GCTaskThread "GC Thread#1" [stack: 0x000000baf0a00000,0x000000baf0b00000] [id=5168]
  0x00000275b3bee800 GCTaskThread "GC Thread#2" [stack: 0x000000baf1500000,0x000000baf1600000] [id=5996]
  0x00000275b297c000 GCTaskThread "GC Thread#3" [stack: 0x000000baf1600000,0x000000baf1700000] [id=9048]
  0x00000275926a9800 ConcurrentGCThread "G1 Main Marker" [stack: 0x000000baefb00000,0x000000baefc00000] [id=8044]
  0x00000275926ab000 ConcurrentGCThread "G1 Conc#0" [stack: 0x000000baefc00000,0x000000baefd00000] [id=10048]
  0x0000027592721000 ConcurrentGCThread "G1 Refine#0" [stack: 0x000000baefd00000,0x000000baefe00000] [id=8672]
  0x0000027592722000 ConcurrentGCThread "G1 Young RemSet Sampling" [stack: 0x000000baefe00000,0x000000baeff00000] [id=10096]

Threads with active compile tasks:
C2 CompilerThread1   209253 8426   !   4       java.io.ObjectOutputStream::writeObject0 (619 bytes)

VM state:not at safepoint (normal execution)

VM Mutex/Monitor currently owned by a thread: None

Heap address: 0x0000000080000000, size: 2048 MB, Compressed Oops mode: 32-bit
Narrow klass base: 0x0000000000000000, Narrow klass shift: 3
Compressed class space size: 528482304 Address: 0x0000000100000000

Heap:
 garbage-first heap   total 118784K, used 73049K [0x0000000080000000, 0x0000000100000000)
  region size 1024K, 17 young (17408K), 3 survivors (3072K)
 Metaspace       used 76723K, capacity 79398K, committed 79568K, reserved 585728K
  class space    used 10049K, capacity 11111K, committed 11212K, reserved 516096K
Heap Regions: E=young(eden), S=young(survivor), O=old, HS=humongous(starts), HC=humongous(continues), CS=collection set, F=free, A=archive, TAMS=top-at-mark-start (previous, next)
|   0|0x0000000080000000, 0x0000000080100000, 0x0000000080100000|100%| O|  |TAMS 0x0000000080100000, 0x0000000080000000| Untracked 
|   1|0x0000000080100000, 0x0000000080200000, 0x0000000080200000|100%| O|  |TAMS 0x0000000080200000, 0x0000000080100000| Untracked 
|   2|0x0000000080200000, 0x0000000080300000, 0x0000000080300000|100%| O|  |TAMS 0x0000000080300000, 0x0000000080200000| Untracked 
|   3|0x0000000080300000, 0x0000000080400000, 0x0000000080400000|100%|HS|  |TAMS 0x0000000080400000, 0x0000000080300000| Complete 
|   4|0x0000000080400000, 0x0000000080500000, 0x0000000080500000|100%|HC|  |TAMS 0x0000000080500000, 0x0000000080400000| Complete 
|   5|0x0000000080500000, 0x0000000080600000, 0x0000000080600000|100%|HC|  |TAMS 0x0000000080600000, 0x0000000080500000| Complete 
|   6|0x0000000080600000, 0x0000000080700000, 0x0000000080700000|100%|HC|  |TAMS 0x0000000080700000, 0x0000000080600000| Complete 
|   7|0x0000000080700000, 0x0000000080800000, 0x0000000080800000|100%| O|  |TAMS 0x0000000080800000, 0x0000000080700000| Untracked 
|   8|0x0000000080800000, 0x0000000080900000, 0x0000000080900000|100%| O|  |TAMS 0x0000000080900000, 0x0000000080800000| Untracked 
|   9|0x0000000080900000, 0x0000000080a00000, 0x0000000080a00000|100%| O|  |TAMS 0x0000000080a00000, 0x0000000080900000| Untracked 
|  10|0x0000000080a00000, 0x0000000080b00000, 0x0000000080b00000|100%| O|  |TAMS 0x0000000080b00000, 0x0000000080a00000| Untracked 
|  11|0x0000000080b00000, 0x0000000080c00000, 0x0000000080c00000|100%| O|  |TAMS 0x0000000080c00000, 0x0000000080b00000| Untracked 
|  12|0x0000000080c00000, 0x0000000080d00000, 0x0000000080d00000|100%| O|  |TAMS 0x0000000080d00000, 0x0000000080c00000| Untracked 
|  13|0x0000000080d00000, 0x0000000080e00000, 0x0000000080e00000|100%| O|  |TAMS 0x0000000080e00000, 0x0000000080d00000| Untracked 
|  14|0x0000000080e00000, 0x0000000080f00000, 0x0000000080f00000|100%| O|  |TAMS 0x0000000080f00000, 0x0000000080e00000| Untracked 
|  15|0x0000000080f00000, 0x0000000081000000, 0x0000000081000000|100%| O|  |TAMS 0x0000000081000000, 0x0000000080f00000| Untracked 
|  16|0x0000000081000000, 0x0000000081100000, 0x0000000081100000|100%| O|  |TAMS 0x0000000081100000, 0x0000000081000000| Untracked 
|  17|0x0000000081100000, 0x0000000081200000, 0x0000000081200000|100%| O|  |TAMS 0x0000000081200000, 0x0000000081100000| Untracked 
|  18|0x0000000081200000, 0x0000000081300000, 0x0000000081300000|100%| O|  |TAMS 0x0000000081300000, 0x0000000081200000| Untracked 
|  19|0x0000000081300000, 0x0000000081400000, 0x0000000081400000|100%| O|  |TAMS 0x0000000081400000, 0x0000000081300000| Untracked 
|  20|0x0000000081400000, 0x0000000081500000, 0x0000000081500000|100%| O|  |TAMS 0x0000000081500000, 0x0000000081400000| Untracked 
|  21|0x0000000081500000, 0x0000000081600000, 0x0000000081600000|100%| O|  |TAMS 0x0000000081600000, 0x0000000081500000| Untracked 
|  22|0x0000000081600000, 0x0000000081700000, 0x0000000081700000|100%| O|  |TAMS 0x0000000081700000, 0x0000000081600000| Untracked 
|  23|0x0000000081700000, 0x0000000081800000, 0x0000000081800000|100%| O|  |TAMS 0x0000000081800000, 0x0000000081700000| Untracked 
|  24|0x0000000081800000, 0x0000000081900000, 0x0000000081900000|100%| O|  |TAMS 0x0000000081900000, 0x0000000081800000| Untracked 
|  25|0x0000000081900000, 0x0000000081a00000, 0x0000000081a00000|100%| O|  |TAMS 0x0000000081a00000, 0x0000000081900000| Untracked 
|  26|0x0000000081a00000, 0x0000000081b00000, 0x0000000081b00000|100%| O|  |TAMS 0x0000000081b00000, 0x0000000081a00000| Untracked 
|  27|0x0000000081b00000, 0x0000000081c00000, 0x0000000081c00000|100%| O|  |TAMS 0x0000000081c00000, 0x0000000081b00000| Untracked 
|  28|0x0000000081c00000, 0x0000000081d00000, 0x0000000081d00000|100%| O|  |TAMS 0x0000000081d00000, 0x0000000081c00000| Untracked 
|  29|0x0000000081d00000, 0x0000000081e00000, 0x0000000081e00000|100%| O|  |TAMS 0x0000000081e00000, 0x0000000081d00000| Untracked 
|  30|0x0000000081e00000, 0x0000000081f00000, 0x0000000081f00000|100%| O|  |TAMS 0x0000000081f00000, 0x0000000081e00000| Untracked 
|  31|0x0000000081f00000, 0x0000000082000000, 0x0000000082000000|100%| O|  |TAMS 0x0000000082000000, 0x0000000081f00000| Untracked 
|  32|0x0000000082000000, 0x0000000082100000, 0x0000000082100000|100%|HS|  |TAMS 0x0000000082100000, 0x0000000082000000| Complete 
|  33|0x0000000082100000, 0x0000000082200000, 0x0000000082200000|100%|HC|  |TAMS 0x0000000082200000, 0x0000000082100000| Complete 
|  34|0x0000000082200000, 0x0000000082300000, 0x0000000082300000|100%|HS|  |TAMS 0x0000000082300000, 0x0000000082200000| Complete 
|  35|0x0000000082300000, 0x0000000082400000, 0x0000000082400000|100%|HC|  |TAMS 0x0000000082400000, 0x0000000082300000| Complete 
|  36|0x0000000082400000, 0x0000000082500000, 0x0000000082500000|100%|HC|  |TAMS 0x0000000082500000, 0x0000000082400000| Complete 
|  37|0x0000000082500000, 0x0000000082600000, 0x0000000082600000|100%|HC|  |TAMS 0x0000000082600000, 0x0000000082500000| Complete 
|  38|0x0000000082600000, 0x0000000082700000, 0x0000000082700000|100%| O|  |TAMS 0x0000000082700000, 0x0000000082600000| Untracked 
|  39|0x0000000082700000, 0x0000000082800000, 0x0000000082800000|100%| O|  |TAMS 0x0000000082800000, 0x0000000082700000| Untracked 
|  40|0x0000000082800000, 0x0000000082900000, 0x0000000082900000|100%| O|  |TAMS 0x0000000082900000, 0x0000000082800000| Untracked 
|  41|0x0000000082900000, 0x0000000082a00000, 0x0000000082a00000|100%| O|  |TAMS 0x0000000082a00000, 0x0000000082900000| Untracked 
|  42|0x0000000082a00000, 0x0000000082b00000, 0x0000000082b00000|100%| O|  |TAMS 0x0000000082b00000, 0x0000000082a00000| Untracked 
|  43|0x0000000082b00000, 0x0000000082c00000, 0x0000000082c00000|100%| O|  |TAMS 0x0000000082c00000, 0x0000000082b00000| Untracked 
|  44|0x0000000082c00000, 0x0000000082d00000, 0x0000000082d00000|100%| O|  |TAMS 0x0000000082d00000, 0x0000000082c00000| Untracked 
|  45|0x0000000082d00000, 0x0000000082e00000, 0x0000000082e00000|100%| O|  |TAMS 0x0000000082e00000, 0x0000000082d00000| Untracked 
|  46|0x0000000082e00000, 0x0000000082f00000, 0x0000000082f00000|100%| O|  |TAMS 0x0000000082f00000, 0x0000000082e00000| Untracked 
|  47|0x0000000082f00000, 0x0000000083000000, 0x0000000083000000|100%| O|  |TAMS 0x0000000083000000, 0x0000000082f00000| Untracked 
|  48|0x0000000083000000, 0x0000000083100000, 0x0000000083100000|100%| O|  |TAMS 0x00000000830ab000, 0x0000000083000000| Untracked 
|  49|0x0000000083100000, 0x0000000083200000, 0x0000000083200000|100%| O|  |TAMS 0x0000000083100000, 0x0000000083100000| Untracked 
|  50|0x0000000083200000, 0x0000000083300000, 0x0000000083300000|100%| O|  |TAMS 0x0000000083200000, 0x0000000083200000| Untracked 
|  51|0x0000000083300000, 0x0000000083400000, 0x0000000083400000|100%| O|  |TAMS 0x0000000083300000, 0x0000000083300000| Untracked 
|  52|0x0000000083400000, 0x0000000083500000, 0x0000000083500000|100%| O|  |TAMS 0x0000000083400000, 0x0000000083400000| Untracked 
|  53|0x0000000083500000, 0x0000000083600000, 0x0000000083600000|100%| O|  |TAMS 0x0000000083500000, 0x0000000083500000| Untracked 
|  54|0x0000000083600000, 0x0000000083700000, 0x0000000083700000|100%| O|  |TAMS 0x0000000083600000, 0x0000000083600000| Untracked 
|  55|0x0000000083700000, 0x0000000083800000, 0x0000000083800000|100%| O|  |TAMS 0x0000000083700000, 0x0000000083700000| Untracked 
|  56|0x0000000083800000, 0x00000000838e4c00, 0x0000000083900000| 89%| O|  |TAMS 0x0000000083800000, 0x0000000083800000| Untracked 
|  57|0x0000000083900000, 0x0000000083900000, 0x0000000083a00000|  0%| F|  |TAMS 0x0000000083900000, 0x0000000083900000| Untracked 
|  58|0x0000000083a00000, 0x0000000083a00000, 0x0000000083b00000|  0%| F|  |TAMS 0x0000000083a00000, 0x0000000083a00000| Untracked 
|  59|0x0000000083b00000, 0x0000000083b00000, 0x0000000083c00000|  0%| F|  |TAMS 0x0000000083b00000, 0x0000000083b00000| Untracked 
|  60|0x0000000083c00000, 0x0000000083c00000, 0x0000000083d00000|  0%| F|  |TAMS 0x0000000083c00000, 0x0000000083c00000| Untracked 
|  61|0x0000000083d00000, 0x0000000083d00000, 0x0000000083e00000|  0%| F|  |TAMS 0x0000000083d00000, 0x0000000083d00000| Untracked 
|  62|0x0000000083e00000, 0x0000000083e00000, 0x0000000083f00000|  0%| F|  |TAMS 0x0000000083e00000, 0x0000000083e00000| Untracked 
|  63|0x0000000083f00000, 0x0000000083f00000, 0x0000000084000000|  0%| F|  |TAMS 0x0000000083f00000, 0x0000000083f00000| Untracked 
|  64|0x0000000084000000, 0x0000000084000000, 0x0000000084100000|  0%| F|  |TAMS 0x0000000084000000, 0x0000000084000000| Untracked 
|  65|0x0000000084100000, 0x0000000084100000, 0x0000000084200000|  0%| F|  |TAMS 0x0000000084100000, 0x0000000084100000| Untracked 
|  66|0x0000000084200000, 0x0000000084200000, 0x0000000084300000|  0%| F|  |TAMS 0x0000000084200000, 0x0000000084200000| Untracked 
|  67|0x0000000084300000, 0x0000000084300000, 0x0000000084400000|  0%| F|  |TAMS 0x0000000084300000, 0x0000000084300000| Untracked 
|  68|0x0000000084400000, 0x0000000084400000, 0x0000000084500000|  0%| F|  |TAMS 0x0000000084400000, 0x0000000084400000| Untracked 
|  69|0x0000000084500000, 0x0000000084500000, 0x0000000084600000|  0%| F|  |TAMS 0x0000000084500000, 0x0000000084500000| Untracked 
|  70|0x0000000084600000, 0x0000000084600000, 0x0000000084700000|  0%| F|  |TAMS 0x0000000084600000, 0x0000000084600000| Untracked 
|  71|0x0000000084700000, 0x0000000084700000, 0x0000000084800000|  0%| F|  |TAMS 0x0000000084700000, 0x0000000084700000| Untracked 
|  72|0x0000000084800000, 0x0000000084800000, 0x0000000084900000|  0%| F|  |TAMS 0x0000000084800000, 0x0000000084800000| Untracked 
|  73|0x0000000084900000, 0x0000000084900000, 0x0000000084a00000|  0%| F|  |TAMS 0x0000000084900000, 0x0000000084900000| Untracked 
|  74|0x0000000084a00000, 0x0000000084a00000, 0x0000000084b00000|  0%| F|  |TAMS 0x0000000084a00000, 0x0000000084a00000| Untracked 
|  75|0x0000000084b00000, 0x0000000084b00000, 0x0000000084c00000|  0%| F|  |TAMS 0x0000000084b00000, 0x0000000084b00000| Untracked 
|  76|0x0000000084c00000, 0x0000000084c00000, 0x0000000084d00000|  0%| F|  |TAMS 0x0000000084c00000, 0x0000000084c00000| Untracked 
|  77|0x0000000084d00000, 0x0000000084d00000, 0x0000000084e00000|  0%| F|  |TAMS 0x0000000084d00000, 0x0000000084d00000| Untracked 
|  78|0x0000000084e00000, 0x0000000084e00000, 0x0000000084f00000|  0%| F|  |TAMS 0x0000000084e00000, 0x0000000084e00000| Untracked 
|  79|0x0000000084f00000, 0x0000000084f71960, 0x0000000085000000| 44%| S|CS|TAMS 0x0000000084f00000, 0x0000000084f00000| Complete 
|  80|0x0000000085000000, 0x0000000085100000, 0x0000000085100000|100%| S|CS|TAMS 0x0000000085000000, 0x0000000085000000| Complete 
|  81|0x0000000085100000, 0x0000000085200000, 0x0000000085200000|100%| S|CS|TAMS 0x0000000085100000, 0x0000000085100000| Complete 
|  82|0x0000000085200000, 0x0000000085200000, 0x0000000085300000|  0%| F|  |TAMS 0x0000000085200000, 0x0000000085200000| Untracked 
|  83|0x0000000085300000, 0x0000000085300000, 0x0000000085400000|  0%| F|  |TAMS 0x0000000085300000, 0x0000000085300000| Untracked 
|  84|0x0000000085400000, 0x0000000085400000, 0x0000000085500000|  0%| F|  |TAMS 0x0000000085400000, 0x0000000085400000| Untracked 
|  85|0x0000000085500000, 0x0000000085500000, 0x0000000085600000|  0%| F|  |TAMS 0x0000000085500000, 0x0000000085500000| Untracked 
|  86|0x0000000085600000, 0x0000000085600000, 0x0000000085700000|  0%| F|  |TAMS 0x0000000085600000, 0x0000000085600000| Untracked 
|  87|0x0000000085700000, 0x0000000085700000, 0x0000000085800000|  0%| F|  |TAMS 0x0000000085700000, 0x0000000085700000| Untracked 
|  88|0x0000000085800000, 0x0000000085800000, 0x0000000085900000|  0%| F|  |TAMS 0x0000000085800000, 0x0000000085800000| Untracked 
|  89|0x0000000085900000, 0x0000000085900000, 0x0000000085a00000|  0%| F|  |TAMS 0x0000000085900000, 0x0000000085900000| Untracked 
|  90|0x0000000085a00000, 0x0000000085a00000, 0x0000000085b00000|  0%| F|  |TAMS 0x0000000085a00000, 0x0000000085a00000| Untracked 
|  91|0x0000000085b00000, 0x0000000085b00000, 0x0000000085c00000|  0%| F|  |TAMS 0x0000000085b00000, 0x0000000085b00000| Untracked 
|  92|0x0000000085c00000, 0x0000000085c00000, 0x0000000085d00000|  0%| F|  |TAMS 0x0000000085c00000, 0x0000000085c00000| Untracked 
|  93|0x0000000085d00000, 0x0000000085d00000, 0x0000000085e00000|  0%| F|  |TAMS 0x0000000085d00000, 0x0000000085d00000| Untracked 
|  94|0x0000000085e00000, 0x0000000085e00000, 0x0000000085f00000|  0%| F|  |TAMS 0x0000000085e00000, 0x0000000085e00000| Untracked 
|  95|0x0000000085f00000, 0x0000000085f00000, 0x0000000086000000|  0%| F|  |TAMS 0x0000000085f00000, 0x0000000085f00000| Untracked 
|  96|0x0000000086000000, 0x0000000086000000, 0x0000000086100000|  0%| F|  |TAMS 0x0000000086000000, 0x0000000086000000| Untracked 
|  97|0x0000000086100000, 0x0000000086100000, 0x0000000086200000|  0%| F|  |TAMS 0x0000000086100000, 0x0000000086100000| Untracked 
|  98|0x0000000086200000, 0x0000000086200000, 0x0000000086300000|  0%| F|  |TAMS 0x0000000086200000, 0x0000000086200000| Untracked 
|  99|0x0000000086300000, 0x0000000086300000, 0x0000000086400000|  0%| F|  |TAMS 0x0000000086300000, 0x0000000086300000| Untracked 
| 100|0x0000000086400000, 0x0000000086400000, 0x0000000086500000|  0%| F|  |TAMS 0x0000000086400000, 0x0000000086400000| Untracked 
| 101|0x0000000086500000, 0x0000000086500000, 0x0000000086600000|  0%| F|  |TAMS 0x0000000086500000, 0x0000000086500000| Untracked 
| 102|0x0000000086600000, 0x00000000866582c0, 0x0000000086700000| 34%| E|  |TAMS 0x0000000086600000, 0x0000000086600000| Complete 
| 103|0x0000000086700000, 0x0000000086800000, 0x0000000086800000|100%| E|CS|TAMS 0x0000000086700000, 0x0000000086700000| Complete 
| 104|0x0000000086800000, 0x0000000086900000, 0x0000000086900000|100%| E|CS|TAMS 0x0000000086800000, 0x0000000086800000| Complete 
| 105|0x0000000086900000, 0x0000000086a00000, 0x0000000086a00000|100%| E|CS|TAMS 0x0000000086900000, 0x0000000086900000| Complete 
| 106|0x0000000086a00000, 0x0000000086b00000, 0x0000000086b00000|100%| E|CS|TAMS 0x0000000086a00000, 0x0000000086a00000| Complete 
| 107|0x0000000086b00000, 0x0000000086c00000, 0x0000000086c00000|100%| E|  |TAMS 0x0000000086b00000, 0x0000000086b00000| Complete 
| 108|0x0000000086c00000, 0x0000000086d00000, 0x0000000086d00000|100%| E|CS|TAMS 0x0000000086c00000, 0x0000000086c00000| Complete 
| 109|0x0000000086d00000, 0x0000000086e00000, 0x0000000086e00000|100%| E|CS|TAMS 0x0000000086d00000, 0x0000000086d00000| Complete 
| 110|0x0000000086e00000, 0x0000000086f00000, 0x0000000086f00000|100%| E|CS|TAMS 0x0000000086e00000, 0x0000000086e00000| Complete 
| 111|0x0000000086f00000, 0x0000000087000000, 0x0000000087000000|100%| E|CS|TAMS 0x0000000086f00000, 0x0000000086f00000| Complete 
| 112|0x0000000087000000, 0x0000000087100000, 0x0000000087100000|100%| E|CS|TAMS 0x0000000087000000, 0x0000000087000000| Complete 
| 113|0x0000000087100000, 0x0000000087200000, 0x0000000087200000|100%| E|CS|TAMS 0x0000000087100000, 0x0000000087100000| Complete 
| 114|0x0000000087200000, 0x0000000087300000, 0x0000000087300000|100%| E|CS|TAMS 0x0000000087200000, 0x0000000087200000| Complete 
| 115|0x0000000087300000, 0x0000000087400000, 0x0000000087400000|100%| E|CS|TAMS 0x0000000087300000, 0x0000000087300000| Complete 

Card table byte_map: [0x00000275aa1e0000,0x00000275aa5e0000] _byte_map_base: 0x00000275a9de0000

Marking Bits (Prev, Next): (CMBitMap*) 0x00000275926a09e8, (CMBitMap*) 0x00000275926a0a20
 Prev Bits: [0x00000275aa9e0000, 0x00000275ac9e0000)
 Next Bits: [0x00000275ac9e0000, 0x00000275ae9e0000)

Polling page: 0x00000275904e0000

Metaspace:

Usage:
  Non-class:     66.69 MB capacity,    65.11 MB ( 98%) used,     1.31 MB (  2%) free+waste,   276.06 KB ( <1%) overhead. 
      Class:     10.85 MB capacity,     9.81 MB ( 90%) used,   927.36 KB (  8%) free+waste,   133.88 KB (  1%) overhead. 
       Both:     77.54 MB capacity,    74.93 MB ( 97%) used,     2.21 MB (  3%) free+waste,   409.94 KB ( <1%) overhead. 

Virtual space:
  Non-class space:       68.00 MB reserved,      66.75 MB ( 98%) committed 
      Class space:      504.00 MB reserved,      10.95 MB (  2%) committed 
             Both:      572.00 MB reserved,      77.70 MB ( 14%) committed 

Chunk freelists:
   Non-Class:  5.00 KB
       Class:  0 bytes
        Both:  5.00 KB

MaxMetaspaceSize: 512.00 MB
CompressedClassSpaceSize: 504.00 MB
Initial GC threshold: 20.80 MB
Current GC threshold: 114.51 MB
CDS: off

CodeHeap 'non-profiled nmethods': size=120064Kb used=4279Kb max_used=4279Kb free=115784Kb
 bounds [0x00000275a28a0000, 0x00000275a2cd0000, 0x00000275a9de0000]
CodeHeap 'profiled nmethods': size=120000Kb used=17950Kb max_used=17950Kb free=102049Kb
 bounds [0x000002759b370000, 0x000002759c500000, 0x00000275a28a0000]
CodeHeap 'non-nmethods': size=5696Kb used=2386Kb max_used=2418Kb free=3309Kb
 bounds [0x000002759ade0000, 0x000002759b050000, 0x000002759b370000]
 total_blobs=9296 nmethods=8384 adapters=824
 compilation: enabled
              stopped_count=0, restarted_count=0
 full_count=0

Compilation events (20 events):
Event: 209.098 Thread 0x00000275b0f03000 8439   !   3       java.lang.invoke.LambdaFormEditor::putInCache (521 bytes)
Event: 209.104 Thread 0x00000275b0f03000 nmethod 8439 0x000002759c4ed190 code [0x000002759c4ed600, 0x000002759c4f0878]
Event: 209.105 Thread 0x00000275b0f03000 8442       3       java.lang.invoke.MethodType::genericMethodType (95 bytes)
Event: 209.107 Thread 0x00000275b0f03000 nmethod 8442 0x000002759c4f1a90 code [0x000002759c4f1d40, 0x000002759c4f2a98]
Event: 209.112 Thread 0x00000275b0f03000 8444       3       sun.invoke.util.VerifyType::isNullReferenceConversion (45 bytes)
Event: 209.112 Thread 0x00000275b0f03000 nmethod 8444 0x000002759c4f2f10 code [0x000002759c4f3100, 0x000002759c4f3418]
Event: 209.115 Thread 0x00000275b0f03000 8449       3       java.lang.invoke.InvokerBytecodeGenerator::bogusMethod (74 bytes)
Event: 209.115 Thread 0x00000275b0f03000 nmethod 8449 0x000002759c4f3510 code [0x000002759c4f36c0, 0x000002759c4f37d8]
Event: 209.116 Thread 0x00000275b0f03000 8450       3       java.lang.invoke.InvokerBytecodeGenerator::maybeDump (33 bytes)
Event: 209.116 Thread 0x00000275b0f03000 nmethod 8450 0x000002759c4f3890 code [0x000002759c4f3a40, 0x000002759c4f3b58]
Event: 209.116 Thread 0x00000275b0f03000 8451       3       java.lang.invoke.InvokerBytecodeGenerator::cpPatches (121 bytes)
Event: 209.119 Thread 0x00000275b0f03000 nmethod 8451 0x000002759c4f3c10 code [0x000002759c4f3fa0, 0x000002759c4f5778]
Event: 209.119 Thread 0x00000275b0f03000 8452   !   3       java.lang.invoke.InvokerBytecodeGenerator::resolveInvokerMember (41 bytes)
Event: 209.120 Thread 0x00000275b0f03000 nmethod 8452 0x000002759c4f6010 code [0x000002759c4f6200, 0x000002759c4f6548]
Event: 209.130 Thread 0x00000275b0f03000 8455       3       java.io.ObjectInputStream$BlockDataInputStream::readUTF (10 bytes)
Event: 209.131 Thread 0x00000275b0f03000 nmethod 8455 0x000002759c4f6710 code [0x000002759c4f68e0, 0x000002759c4f6a58]
Event: 209.131 Thread 0x00000275b0f03000 8456       3       java.io.ObjectInputStream$HandleTable::assign (48 bytes)
Event: 209.132 Thread 0x00000275b0f03000 nmethod 8456 0x000002759c4f6b10 code [0x000002759c4f6ce0, 0x000002759c4f7048]
Event: 209.132 Thread 0x00000275b0f03000 8457       3       java.io.ObjectInputStream$HandleTable::finish (111 bytes)
Event: 209.133 Thread 0x00000275b0f03000 nmethod 8457 0x000002759c4f7210 code [0x000002759c4f7400, 0x000002759c4f79c8]

GC Heap History (20 events):
Event: 194.061 GC heap before
{Heap before GC invocations=13 (full 0):
 garbage-first heap   total 118784K, used 85826K [0x0000000080000000, 0x0000000100000000)
  region size 1024K, 56 young (57344K), 4 survivors (4096K)
 Metaspace       used 48044K, capacity 49441K, committed 49564K, reserved 559104K
  class space    used 6071K, capacity 6610K, committed 6732K, reserved 516096K
}
Event: 194.076 GC heap after
{Heap after GC invocations=14 (full 0):
 garbage-first heap   total 118784K, used 34478K [0x0000000080000000, 0x0000000100000000)
  region size 1024K, 6 young (6144K), 6 survivors (6144K)
 Metaspace       used 48044K, capacity 49441K, committed 49564K, reserved 559104K
  class space    used 6071K, capacity 6610K, committed 6732K, reserved 516096K
}
Event: 195.411 GC heap before
{Heap before GC invocations=14 (full 0):
 garbage-first heap   total 118784K, used 87726K [0x0000000080000000, 0x0000000100000000)
  region size 1024K, 58 young (59392K), 6 survivors (6144K)
 Metaspace       used 52058K, capacity 53597K, committed 53660K, reserved 563200K
  class space    used 6639K, capacity 7223K, committed 7244K, reserved 516096K
}
Event: 195.431 GC heap after
{Heap after GC invocations=15 (full 0):
 garbage-first heap   total 118784K, used 36406K [0x0000000080000000, 0x0000000100000000)
  region size 1024K, 5 young (5120K), 5 survivors (5120K)
 Metaspace       used 52058K, capacity 53597K, committed 53660K, reserved 563200K
  class space    used 6639K, capacity 7223K, committed 7244K, reserved 516096K
}
Event: 197.313 GC heap before
{Heap before GC invocations=15 (full 0):
 garbage-first heap   total 118784K, used 94774K [0x0000000080000000, 0x0000000100000000)
  region size 1024K, 57 young (58368K), 5 survivors (5120K)
 Metaspace       used 57121K, capacity 58867K, committed 59164K, reserved 567296K
  class space    used 7327K, capacity 8020K, committed 8140K, reserved 516096K
}
Event: 197.336 GC heap after
{Heap after GC invocations=16 (full 0):
 garbage-first heap   total 118784K, used 46683K [0x0000000080000000, 0x0000000100000000)
  region size 1024K, 8 young (8192K), 8 survivors (8192K)
 Metaspace       used 57121K, capacity 58867K, committed 59164K, reserved 567296K
  class space    used 7327K, capacity 8020K, committed 8140K, reserved 516096K
}
Event: 198.744 GC heap before
{Heap before GC invocations=16 (full 0):
 garbage-first heap   total 118784K, used 93787K [0x0000000080000000, 0x0000000100000000)
  region size 1024K, 54 young (55296K), 8 survivors (8192K)
 Metaspace       used 61035K, capacity 62981K, committed 63132K, reserved 571392K
  class space    used 7889K, capacity 8669K, committed 8780K, reserved 516096K
}
Event: 198.766 GC heap after
{Heap after GC invocations=17 (full 0):
 garbage-first heap   total 118784K, used 48834K [0x0000000080000000, 0x0000000100000000)
  region size 1024K, 3 young (3072K), 3 survivors (3072K)
 Metaspace       used 61035K, capacity 62981K, committed 63132K, reserved 571392K
  class space    used 7889K, capacity 8669K, committed 8780K, reserved 516096K
}
Event: 199.569 GC heap before
{Heap before GC invocations=17 (full 0):
 garbage-first heap   total 118784K, used 94914K [0x0000000080000000, 0x0000000100000000)
  region size 1024K, 48 young (49152K), 3 survivors (3072K)
 Metaspace       used 64477K, capacity 66437K, committed 66588K, reserved 575488K
  class space    used 8327K, capacity 9117K, committed 9164K, reserved 516096K
}
Event: 199.579 GC heap after
{Heap after GC invocations=18 (full 0):
 garbage-first heap   total 118784K, used 49998K [0x0000000080000000, 0x0000000100000000)
  region size 1024K, 4 young (4096K), 4 survivors (4096K)
 Metaspace       used 64477K, capacity 66437K, committed 66588K, reserved 575488K
  class space    used 8327K, capacity 9117K, committed 9164K, reserved 516096K
}
Event: 200.845 GC heap before
{Heap before GC invocations=18 (full 0):
 garbage-first heap   total 118784K, used 95054K [0x0000000080000000, 0x0000000100000000)
  region size 1024K, 49 young (50176K), 4 survivors (4096K)
 Metaspace       used 67702K, capacity 69713K, committed 69788K, reserved 577536K
  class space    used 8748K, capacity 9538K, committed 9548K, reserved 516096K
}
Event: 200.860 GC heap after
{Heap after GC invocations=19 (full 0):
 garbage-first heap   total 118784K, used 52616K [0x0000000080000000, 0x0000000100000000)
  region size 1024K, 6 young (6144K), 6 survivors (6144K)
 Metaspace       used 67702K, capacity 69713K, committed 69788K, reserved 577536K
  class space    used 8748K, capacity 9538K, committed 9548K, reserved 516096K
}
Event: 200.983 GC heap before
{Heap before GC invocations=19 (full 0):
 garbage-first heap   total 118784K, used 61832K [0x0000000080000000, 0x0000000100000000)
  region size 1024K, 16 young (16384K), 6 survivors (6144K)
 Metaspace       used 67765K, capacity 69748K, committed 69916K, reserved 577536K
  class space    used 8755K, capacity 9571K, committed 9676K, reserved 516096K
}
Event: 201.003 GC heap after
{Heap after GC invocations=20 (full 0):
 garbage-first heap   total 118784K, used 53430K [0x0000000080000000, 0x0000000100000000)
  region size 1024K, 4 young (4096K), 4 survivors (4096K)
 Metaspace       used 67765K, capacity 69748K, committed 69916K, reserved 577536K
  class space    used 8755K, capacity 9571K, committed 9676K, reserved 516096K
}
Event: 202.405 GC heap before
{Heap before GC invocations=21 (full 0):
 garbage-first heap   total 118784K, used 84150K [0x0000000080000000, 0x0000000100000000)
  region size 1024K, 34 young (34816K), 4 survivors (4096K)
 Metaspace       used 69469K, capacity 71646K, committed 71888K, reserved 579584K
  class space    used 9003K, capacity 9853K, committed 9932K, reserved 516096K
}
Event: 202.423 GC heap after
{Heap after GC invocations=22 (full 0):
 garbage-first heap   total 118784K, used 55561K [0x0000000080000000, 0x0000000100000000)
  region size 1024K, 3 young (3072K), 3 survivors (3072K)
 Metaspace       used 69469K, capacity 71646K, committed 71888K, reserved 579584K
  class space    used 9003K, capacity 9853K, committed 9932K, reserved 516096K
}
Event: 203.677 GC heap before
{Heap before GC invocations=22 (full 0):
 garbage-first heap   total 118784K, used 87305K [0x0000000080000000, 0x0000000100000000)
  region size 1024K, 34 young (34816K), 3 survivors (3072K)
 Metaspace       used 71938K, capacity 74191K, committed 74320K, reserved 581632K
  class space    used 9362K, capacity 10265K, committed 10316K, reserved 516096K
}
Event: 203.697 GC heap after
{Heap after GC invocations=23 (full 0):
 garbage-first heap   total 118784K, used 58232K [0x0000000080000000, 0x0000000100000000)
  region size 1024K, 5 young (5120K), 5 survivors (5120K)
 Metaspace       used 71938K, capacity 74191K, committed 74320K, reserved 581632K
  class space    used 9362K, capacity 10265K, committed 10316K, reserved 516096K
}
Event: 204.826 GC heap before
{Heap before GC invocations=23 (full 0):
 garbage-first heap   total 118784K, used 88952K [0x0000000080000000, 0x0000000100000000)
  region size 1024K, 36 young (36864K), 5 survivors (5120K)
 Metaspace       used 74356K, capacity 76850K, committed 77008K, reserved 583680K
  class space    used 9664K, capacity 10643K, committed 10700K, reserved 516096K
}
Event: 204.852 GC heap after
{Heap after GC invocations=24 (full 0):
 garbage-first heap   total 118784K, used 60761K [0x0000000080000000, 0x0000000100000000)
  region size 1024K, 3 young (3072K), 3 survivors (3072K)
 Metaspace       used 74356K, capacity 76850K, committed 77008K, reserved 583680K
  class space    used 9664K, capacity 10643K, committed 10700K, reserved 516096K
}

Deoptimization events (20 events):
Event: 207.937 Thread 0x00000275b59da800 Uncommon trap: trap_request=0xffffffde fr.pc=0x00000275a29ca994 relative=0x0000000000000334
Event: 207.937 Thread 0x00000275b59da800 Uncommon trap: reason=class_check action=maybe_recompile pc=0x00000275a29ca994 method=java.io.DataOutputStream.write(I)V @ 5 c2
Event: 207.937 Thread 0x00000275b59da800 DEOPT PACKING pc=0x00000275a29ca994 sp=0x000000baf56fd1a0
Event: 207.937 Thread 0x00000275b59da800 DEOPT UNPACKING pc=0x000002759ae2a1af sp=0x000000baf56fd178 mode 2
Event: 207.937 Thread 0x00000275b59da800 Uncommon trap: trap_request=0xffffffde fr.pc=0x00000275a29ca994 relative=0x0000000000000334
Event: 207.937 Thread 0x00000275b59da800 Uncommon trap: reason=class_check action=maybe_recompile pc=0x00000275a29ca994 method=java.io.DataOutputStream.write(I)V @ 5 c2
Event: 207.937 Thread 0x00000275b59da800 DEOPT PACKING pc=0x00000275a29ca994 sp=0x000000baf56fd1a0
Event: 207.937 Thread 0x00000275b59da800 DEOPT UNPACKING pc=0x000002759ae2a1af sp=0x000000baf56fd178 mode 2
Event: 207.937 Thread 0x00000275b59da800 Uncommon trap: trap_request=0xffffffde fr.pc=0x00000275a299e3d8 relative=0x0000000000000f78
Event: 207.937 Thread 0x00000275b59da800 Uncommon trap: reason=class_check action=maybe_recompile pc=0x00000275a299e3d8 method=java.io.DataOutputStream.write(I)V @ 5 c2
Event: 207.937 Thread 0x00000275b59da800 DEOPT PACKING pc=0x00000275a299e3d8 sp=0x000000baf56fd1f0
Event: 207.937 Thread 0x00000275b59da800 DEOPT UNPACKING pc=0x000002759ae2a1af sp=0x000000baf56fd180 mode 2
Event: 208.125 Thread 0x00000275b59da800 Uncommon trap: trap_request=0xffffff4d fr.pc=0x00000275a29ca078 relative=0x0000000000000058
Event: 208.125 Thread 0x00000275b59da800 Uncommon trap: reason=unstable_if action=reinterpret pc=0x00000275a29ca078 method=java.util.Objects.equals(Ljava/lang/Object;Ljava/lang/Object;)Z @ 6 c2
Event: 208.125 Thread 0x00000275b59da800 DEOPT PACKING pc=0x00000275a29ca078 sp=0x000000baf56fca40
Event: 208.125 Thread 0x00000275b59da800 DEOPT UNPACKING pc=0x000002759ae2a1af sp=0x000000baf56fc9e0 mode 2
Event: 208.229 Thread 0x00000275b59da800 Uncommon trap: trap_request=0xffffffde fr.pc=0x00000275a2b4ce74 relative=0x0000000000000a14
Event: 208.229 Thread 0x00000275b59da800 Uncommon trap: reason=class_check action=maybe_recompile pc=0x00000275a2b4ce74 method=java.util.WeakHashMap.eq(Ljava/lang/Object;Ljava/lang/Object;)Z @ 7 c2
Event: 208.229 Thread 0x00000275b59da800 DEOPT PACKING pc=0x00000275a2b4ce74 sp=0x000000baf56fcd60
Event: 208.229 Thread 0x00000275b59da800 DEOPT UNPACKING pc=0x000002759ae2a1af sp=0x000000baf56fccd0 mode 2

Classes redefined (0 events):
No events

Internal exceptions (20 events):
Event: 208.135 Thread 0x00000275b59da800 Exception <a 'java/lang/NoSuchMethodError'{0x0000000086a47020}: <clinit>> (0x0000000086a47020) thrown at [s\src\hotspot\share\prims\jni.cpp, line 1367]
Event: 208.136 Thread 0x00000275b59da800 Exception <a 'java/lang/NoSuchMethodError'{0x0000000086a53680}: <clinit>> (0x0000000086a53680) thrown at [s\src\hotspot\share\prims\jni.cpp, line 1367]
Event: 208.184 Thread 0x00000275b59da800 Exception <a 'java/lang/NoSuchMethodError'{0x0000000086906bf8}: 'java.lang.Object java.lang.invoke.DirectMethodHandle$Holder.invokeSpecial(java.lang.Object, java.lang.Object, int, int, java.lang.Object, int, java.lang.Object, java.lang.Object)'> (0x0000000086906bf8) thrown at [s\src\hotspot\share\interpreter\linkResolver.cpp, line 773]
Event: 208.185 Thread 0x00000275b59da800 Exception <a 'java/lang/NoSuchMethodError'{0x000000008690a730}: 'java.lang.Object java.lang.invoke.DelegatingMethodHandle$Holder.reinvoke_L(java.lang.Object, int, int, java.lang.Object, int, java.lang.Object, java.lang.Object)'> (0x000000008690a730) thrown at [s\src\hotspot\share\interpreter\linkResolver.cpp, line 773]
Event: 208.206 Thread 0x00000275b59da800 Exception <a 'java/lang/NoSuchMethodError'{0x0000000086936390}: 'java.lang.Object java.lang.invoke.DirectMethodHandle$Holder.invokeStatic(java.lang.Object, java.lang.Object, java.lang.Object, java.lang.Object, java.lang.Object, java.lang.Object, java.lang.Object, java.lang.Object, int)'> (0x0000000086936390) thrown at [s\src\hotspot\share\interpreter\linkResolver.cpp, line 773]
Event: 208.208 Thread 0x00000275b59da800 Exception <a 'java/lang/NoSuchMethodError'{0x0000000086951cb8}: 'java.lang.Object java.lang.invoke.DirectMethodHandle$Holder.invokeStatic(java.lang.Object, java.lang.Object, java.lang.Object, java.lang.Object, java.lang.Object, java.lang.Object, java.lang.Object, java.lang.Object, int, int)'> (0x0000000086951cb8) thrown at [s\src\hotspot\share\interpreter\linkResolver.cpp, line 773]
Event: 208.211 Thread 0x00000275b59da800 Exception <a 'java/lang/NoSuchMethodError'{0x000000008696d9b8}: 'java.lang.Object java.lang.invoke.DirectMethodHandle$Holder.invokeStatic(java.lang.Object, java.lang.Object, java.lang.Object, java.lang.Object, java.lang.Object, java.lang.Object, java.lang.Object, java.lang.Object, int, int, java.lang.Object)'> (0x000000008696d9b8) thrown at [s\src\hotspot\share\interpreter\linkResolver.cpp, line 773]
Event: 208.216 Thread 0x00000275b59da800 Exception <a 'java/lang/NoSuchMethodError'{0x000000008698b4f8}: 'java.lang.Object java.lang.invoke.DirectMethodHandle$Holder.invokeStatic(java.lang.Object, java.lang.Object, java.lang.Object, java.lang.Object, java.lang.Object, java.lang.Object, java.lang.Object, java.lang.Object, int, int, java.lang.Object, java.lang.Object)'> (0x000000008698b4f8) thrown at [s\src\hotspot\share\interpreter\linkResolver.cpp, line 773]
Event: 208.502 Thread 0x00000275b59da800 Exception <a 'java/lang/NoSuchMethodError'{0x00000000869c20d0}: <clinit>> (0x00000000869c20d0) thrown at [s\src\hotspot\share\prims\jni.cpp, line 1367]
Event: 208.510 Thread 0x00000275b59da800 Exception <a 'java/lang/NoSuchMethodError'{0x00000000869e5d68}: <clinit>> (0x00000000869e5d68) thrown at [s\src\hotspot\share\prims\jni.cpp, line 1367]
Event: 208.566 Thread 0x00000275b59da800 Exception <a 'java/lang/NoSuchMethodError'{0x0000000086823288}: <clinit>> (0x0000000086823288) thrown at [s\src\hotspot\share\prims\jni.cpp, line 1367]
Event: 208.567 Thread 0x00000275b59da800 Exception <a 'java/lang/NoSuchMethodError'{0x000000008682f9f8}: <clinit>> (0x000000008682f9f8) thrown at [s\src\hotspot\share\prims\jni.cpp, line 1367]
Event: 208.569 Thread 0x00000275b59da800 Exception <a 'java/lang/NoSuchMethodError'{0x000000008683d258}: <clinit>> (0x000000008683d258) thrown at [s\src\hotspot\share\prims\jni.cpp, line 1367]
Event: 208.590 Thread 0x00000275b59d7800 Exception <a 'java/lang/InterruptedException'{0x0000000086847c60}> (0x0000000086847c60) thrown at [s\src\hotspot\share\runtime\objectMonitor.cpp, line 1635]
Event: 208.591 Thread 0x00000275b59d7800 Exception <a 'java/lang/NoSuchMethodError'{0x000000008684fa70}: 'java.lang.Object java.lang.invoke.DirectMethodHandle$Holder.invokeStatic(java.lang.Object, java.lang.Object, int, java.lang.Object, long)'> (0x000000008684fa70) thrown at [s\src\hotspot\share\interpreter\linkResolver.cpp, line 773]
Event: 208.624 Thread 0x00000275b59da800 Exception <a 'java/lang/NoSuchMethodError'{0x0000000086867400}: <clinit>> (0x0000000086867400) thrown at [s\src\hotspot\share\prims\jni.cpp, line 1367]
Event: 208.710 Thread 0x00000275b59da800 Exception <a 'java/lang/NoSuchMethodError'{0x000000008673c688}: <clinit>> (0x000000008673c688) thrown at [s\src\hotspot\share\prims\jni.cpp, line 1367]
Event: 209.111 Thread 0x00000275b59d9000 Exception <a 'java/lang/NoSuchMethodError'{0x0000000086614fc8}: 'java.lang.Object java.lang.invoke.DirectMethodHandle$Holder.invokeStatic(java.lang.Object, java.lang.Object, java.lang.Object, java.lang.Object, java.lang.Object, java.lang.Object, java.lang.Object, java.lang.Object, java.lang.Object, java.lang.Object, java.lang.Object, java.lang.Object, java.lang.Object, int)'> (0x0000000086614fc8) thrown at [s\src\hotspot\share\interpreter\linkResolver.cpp, line 773]
Event: 209.114 Thread 0x00000275b59d9000 Exception <a 'java/lang/NoSuchMethodError'{0x0000000086621a48}: 'java.lang.Object java.lang.invoke.DirectMethodHandle$Holder.invokeStatic(java.lang.Object, java.lang.Object, java.lang.Object, java.lang.Object, java.lang.Object, java.lang.Object, java.lang.Object, java.lang.Object, java.lang.Object, java.lang.Object, java.lang.Object, java.lang.Object, java.lang.Object, int, int)'> (0x0000000086621a48) thrown at [s\src\hotspot\share\interpreter\linkResolver.cpp, line 773]
Event: 209.123 Thread 0x00000275b59d9000 Exception <a 'java/lang/NoSuchMethodError'{0x000000008663b3d8}: 'java.lang.Object java.lang.invoke.DelegatingMethodHandle$Holder.reinvoke_L(java.lang.Object, int, java.lang.Object)'> (0x000000008663b3d8) thrown at [s\src\hotspot\share\interpreter\linkResolver.cpp, line 773]

Events (20 events):
Event: 209.114 loading class java/lang/invoke/BoundMethodHandle$Species_LLLLLLLLLLII
Event: 209.114 loading class java/lang/invoke/BoundMethodHandle$Species_LLLLLLLLLLII done
Event: 209.120 loading class java/lang/invoke/BoundMethodHandle$Species_LLLLLLLLLLIIL
Event: 209.120 loading class java/lang/invoke/BoundMethodHandle$Species_LLLLLLLLLLIIL done
Event: 209.122 Executing VM operation: RevokeBias
Event: 209.123 Executing VM operation: RevokeBias done
Event: 209.123 Executing VM operation: RevokeBias
Event: 209.124 Executing VM operation: RevokeBias done
Event: 209.124 Executing VM operation: RevokeBias
Event: 209.125 Executing VM operation: RevokeBias done
Event: 209.128 Executing VM operation: RevokeBias
Event: 209.128 Executing VM operation: RevokeBias done
Event: 209.129 loading class sun/rmi/transport/Transport$1
Event: 209.129 loading class sun/rmi/transport/Transport$1 done
Event: 209.133 loading class sun/rmi/transport/DGCImpl$LeaseInfo
Event: 209.134 loading class sun/rmi/transport/DGCImpl$LeaseInfo done
Event: 209.134 loading class sun/rmi/transport/DGCImpl$1
Event: 209.134 loading class sun/rmi/transport/DGCImpl$1 done
Event: 209.134 loading class sun/rmi/transport/SequenceEntry
Event: 209.134 loading class sun/rmi/transport/SequenceEntry done


Dynamic libraries:
0x00007ff6a8b50000 - 0x00007ff6a8b5d000 	C:\Program Files\Microsoft\jdk-11.0.20.8-hotspot\bin\java.exe
0x00007ffbbba90000 - 0x00007ffbbbc88000 	C:\Windows\SYSTEM32\ntdll.dll
0x00007ffbbb200000 - 0x00007ffbbb2bd000 	C:\Windows\System32\KERNEL32.DLL
0x00007ffbb9290000 - 0x00007ffbb9586000 	C:\Windows\System32\KERNELBASE.dll
0x00007ffbb96a0000 - 0x00007ffbb97a0000 	C:\Windows\System32\ucrtbase.dll
0x00007ffba8a10000 - 0x00007ffba8a25000 	C:\Program Files\Microsoft\jdk-11.0.20.8-hotspot\bin\VCRUNTIME140.dll
0x00007ffba8500000 - 0x00007ffba8517000 	C:\Program Files\Microsoft\jdk-11.0.20.8-hotspot\bin\jli.dll
0x00007ffba9890000 - 0x00007ffba9b2a000 	C:\Windows\WinSxS\amd64_microsoft.windows.common-controls_6595b64144ccf1df_6.0.19041.3636_none_60b6a03d71f818d5\COMCTL32.dll
0x00007ffbbb360000 - 0x00007ffbbb4fe000 	C:\Windows\System32\USER32.dll
0x00007ffbbb6d0000 - 0x00007ffbbb76e000 	C:\Windows\System32\msvcrt.dll
0x00007ffbb99b0000 - 0x00007ffbb99d2000 	C:\Windows\System32\win32u.dll
0x00007ffbbb500000 - 0x00007ffbbb52c000 	C:\Windows\System32\GDI32.dll
0x00007ffbb9170000 - 0x00007ffbb928a000 	C:\Windows\System32\gdi32full.dll
0x00007ffbb9a50000 - 0x00007ffbb9aed000 	C:\Windows\System32\msvcp_win.dll
0x00007ffbb9af0000 - 0x00007ffbb9b20000 	C:\Windows\System32\IMM32.DLL
0x00007ffb9abd0000 - 0x00007ffb9ac6b000 	C:\Program Files\Microsoft\jdk-11.0.20.8-hotspot\bin\msvcp140.dll
0x00007ffb91150000 - 0x00007ffb91ce6000 	C:\Program Files\Microsoft\jdk-11.0.20.8-hotspot\bin\server\jvm.dll
0x00007ffbbb530000 - 0x00007ffbbb5df000 	C:\Windows\System32\ADVAPI32.dll
0x00007ffbbb2c0000 - 0x00007ffbbb35c000 	C:\Windows\System32\sechost.dll
0x00007ffbbace0000 - 0x00007ffbbae06000 	C:\Windows\System32\RPCRT4.dll
0x00007ffbbb0e0000 - 0x00007ffbbb0e8000 	C:\Windows\System32\PSAPI.DLL
0x00007ffba9b60000 - 0x00007ffba9b87000 	C:\Windows\SYSTEM32\WINMM.dll
0x00007ffbb4e30000 - 0x00007ffbb4e39000 	C:\Windows\SYSTEM32\WSOCK32.dll
0x00007ffbbb5e0000 - 0x00007ffbbb64b000 	C:\Windows\System32\WS2_32.dll
0x00007ffbaaa60000 - 0x00007ffbaaa6a000 	C:\Windows\SYSTEM32\VERSION.dll
0x00007ffbb6f50000 - 0x00007ffbb6f62000 	C:\Windows\SYSTEM32\kernel.appcore.dll
0x00007ffbb0740000 - 0x00007ffbb0750000 	C:\Program Files\Microsoft\jdk-11.0.20.8-hotspot\bin\verify.dll
0x00007ffba1c00000 - 0x00007ffba1de4000 	C:\Windows\SYSTEM32\DBGHELP.DLL
0x00007ffba1b70000 - 0x00007ffba1ba4000 	C:\Windows\SYSTEM32\dbgcore.DLL
0x00007ffbb95e0000 - 0x00007ffbb9662000 	C:\Windows\System32\bcryptPrimitives.dll
0x00007ffba84d0000 - 0x00007ffba84f8000 	C:\Program Files\Microsoft\jdk-11.0.20.8-hotspot\bin\java.dll
0x00007ffba9860000 - 0x00007ffba986a000 	C:\Program Files\Microsoft\jdk-11.0.20.8-hotspot\bin\jimage.dll
0x00007ffba84b0000 - 0x00007ffba84c8000 	C:\Program Files\Microsoft\jdk-11.0.20.8-hotspot\bin\zip.dll
0x00007ffbba590000 - 0x00007ffbbacd4000 	C:\Windows\System32\SHELL32.dll
0x00007ffbb7230000 - 0x00007ffbb79cb000 	C:\Windows\SYSTEM32\windows.storage.dll
0x00007ffbb9f90000 - 0x00007ffbba2e4000 	C:\Windows\System32\combase.dll
0x00007ffbb8bb0000 - 0x00007ffbb8bdd000 	C:\Windows\SYSTEM32\Wldp.dll
0x00007ffbbae10000 - 0x00007ffbbaebd000 	C:\Windows\System32\SHCORE.dll
0x00007ffbbb650000 - 0x00007ffbbb6a5000 	C:\Windows\System32\shlwapi.dll
0x00007ffbb90a0000 - 0x00007ffbb90c5000 	C:\Windows\SYSTEM32\profapi.dll
0x00007ffba8490000 - 0x00007ffba84a9000 	C:\Program Files\Microsoft\jdk-11.0.20.8-hotspot\bin\net.dll
0x00007ffbab130000 - 0x00007ffbab23a000 	C:\Windows\SYSTEM32\WINHTTP.dll
0x00007ffbb8910000 - 0x00007ffbb897a000 	C:\Windows\system32\mswsock.dll
0x00007ffba8420000 - 0x00007ffba8433000 	C:\Program Files\Microsoft\jdk-11.0.20.8-hotspot\bin\nio.dll
0x00007ffba8290000 - 0x00007ffba82b7000 	C:\Users\aanan\.gradle\native\68d5fa5c4cc2d200863cafc0d521ce42e7d3e7ee720ec0a83991735586a16f82\windows-amd64\native-platform.dll
0x00007ffb92e00000 - 0x00007ffb92f44000 	C:\Users\aanan\.gradle\native\e376f236ea51e6404a007f0833ffe2c6e607c4080706a723a18a27aeea778392\windows-amd64\native-platform-file-events.dll
0x00007ffbb1860000 - 0x00007ffbb1869000 	C:\Program Files\Microsoft\jdk-11.0.20.8-hotspot\bin\management.dll
0x00007ffbb1850000 - 0x00007ffbb185b000 	C:\Program Files\Microsoft\jdk-11.0.20.8-hotspot\bin\management_ext.dll
0x00007ffbb8b00000 - 0x00007ffbb8b18000 	C:\Windows\SYSTEM32\CRYPTSP.dll
0x00007ffbb81d0000 - 0x00007ffbb8204000 	C:\Windows\system32\rsaenh.dll
0x00007ffbb9670000 - 0x00007ffbb9697000 	C:\Windows\System32\bcrypt.dll
0x00007ffbb9020000 - 0x00007ffbb904e000 	C:\Windows\SYSTEM32\USERENV.dll
0x00007ffbb8b20000 - 0x00007ffbb8b2c000 	C:\Windows\SYSTEM32\CRYPTBASE.dll
0x00007ffbb85b0000 - 0x00007ffbb85eb000 	C:\Windows\SYSTEM32\IPHLPAPI.DLL
0x00007ffbbb770000 - 0x00007ffbbb778000 	C:\Windows\System32\NSI.dll
0x00007ffbafbe0000 - 0x00007ffbafbf7000 	C:\Windows\SYSTEM32\dhcpcsvc6.DLL
0x00007ffbb1ee0000 - 0x00007ffbb1efd000 	C:\Windows\SYSTEM32\dhcpcsvc.DLL
0x00007ffbb85f0000 - 0x00007ffbb86ba000 	C:\Windows\SYSTEM32\DNSAPI.dll
0x00007ffbb0780000 - 0x00007ffbb079e000 	C:\Users\aanan\AppData\Local\Temp\native-platform6272402685808848508dir\native-platform.dll
0x00007ffbb0770000 - 0x00007ffbb0777000 	C:\Program Files\Microsoft\jdk-11.0.20.8-hotspot\bin\rmi.dll

dbghelp: loaded successfully - version: 4.0.5 - missing functions: none
symbol engine: initialized successfully - sym options: 0x614 - pdb path: .;C:\Program Files\Microsoft\jdk-11.0.20.8-hotspot\bin;C:\Windows\SYSTEM32;C:\Windows\WinSxS\amd64_microsoft.windows.common-controls_6595b64144ccf1df_6.0.19041.3636_none_60b6a03d71f818d5;C:\Program Files\Microsoft\jdk-11.0.20.8-hotspot\bin\server;C:\Users\aanan\.gradle\native\68d5fa5c4cc2d200863cafc0d521ce42e7d3e7ee720ec0a83991735586a16f82\windows-amd64;C:\Users\aanan\.gradle\native\e376f236ea51e6404a007f0833ffe2c6e607c4080706a723a18a27aeea778392\windows-amd64;C:\Users\aanan\AppData\Local\Temp\native-platform6272402685808848508dir

VM Arguments:
jvm_args: -XX:MaxMetaspaceSize=512m --add-opens=java.base/java.util=ALL-UNNAMED --add-opens=java.base/java.lang=ALL-UNNAMED --add-opens=java.base/java.lang.invoke=ALL-UNNAMED --add-opens=java.prefs/java.util.prefs=ALL-UNNAMED --add-opens=java.base/java.nio.charset=ALL-UNNAMED --add-opens=java.base/java.net=ALL-UNNAMED --add-opens=java.base/java.util.concurrent.atomic=ALL-UNNAMED -Xmx2048m -Dfile.encoding=windows-1252 -Duser.country=IN -Duser.language=en -Duser.variant 
java_command: org.gradle.launcher.daemon.bootstrap.GradleDaemon 8.0.1
java_class_path (initial): C:\Users\aanan\.gradle\wrapper\dists\gradle-8.0.1-all\aro4hu1c3oeioove7l0i4i14o\gradle-8.0.1\lib\gradle-launcher-8.0.1.jar
Launcher Type: SUN_STANDARD

[Global flags]
     intx CICompilerCount                          = 3                                         {product} {ergonomic}
   size_t CompressedClassSpaceSize                 = 528482304                                 {product} {ergonomic}
     uint ConcGCThreads                            = 1                                         {product} {ergonomic}
     uint G1ConcRefinementThreads                  = 4                                         {product} {ergonomic}
   size_t G1HeapRegionSize                         = 1048576                                   {product} {ergonomic}
    uintx GCDrainStackTargetSize                   = 64                                        {product} {ergonomic}
   size_t InitialHeapSize                          = 100663296                                 {product} {ergonomic}
   size_t MarkStackSize                            = 4194304                                   {product} {ergonomic}
   size_t MaxHeapSize                              = 2147483648                                {product} {command line}
   size_t MaxMetaspaceSize                         = 536870912                                 {product} {command line}
   size_t MaxNewSize                               = 1287651328                                {product} {ergonomic}
   size_t MinHeapDeltaBytes                        = 1048576                                   {product} {ergonomic}
    uintx NonNMethodCodeHeapSize                   = 5830732                                {pd product} {ergonomic}
    uintx NonProfiledCodeHeapSize                  = 122913754                              {pd product} {ergonomic}
    uintx ProfiledCodeHeapSize                     = 122913754                              {pd product} {ergonomic}
    uintx ReservedCodeCacheSize                    = 251658240                              {pd product} {ergonomic}
     bool SegmentedCodeCache                       = true                                      {product} {ergonomic}
     bool UseCompressedClassPointers               = true                                 {lp64_product} {ergonomic}
     bool UseCompressedOops                        = true                                 {lp64_product} {ergonomic}
     bool UseG1GC                                  = true                                      {product} {ergonomic}
     bool UseLargePagesIndividualAllocation        = false                                  {pd product} {ergonomic}

Logging:
Log output configuration:
 #0: stdout all=warning uptime,level,tags
 #1: stderr all=off uptime,level,tags

Environment Variables:
JAVA_HOME=C:\Program Files\Microsoft\jdk-11.0.20.8-hotspot\
CLASSPATH=C:\Users\aanan\Desktop\dryfi_delivery_new-main\dryfi_delivery_new-main\android\\gradle\wrapper\gradle-wrapper.jar
PATH=C:\Users\aanan\Desktop\dryfi_delivery_new-main\dryfi_delivery_new-main\node_modules\.bin;C:\Users\aanan\Desktop\dryfi_delivery_new-main\node_modules\.bin;C:\Users\aanan\Desktop\node_modules\.bin;C:\Users\aanan\node_modules\.bin;C:\Users\node_modules\.bin;C:\node_modules\.bin;C:\Program Files\nodejs\node_modules\npm\node_modules\@npmcli\run-script\lib\node-gyp-bin;C:\Program Files\Microsoft\jdk-11.0.20.8-hotspot\bin;C:\Program Files (x86)\Intel\iCLS Client\;C:\Program Files\Intel\iCLS Client\;C:\Windows\system32;C:\Windows;C:\Windows\System32\Wbem;C:\Windows\System32\WindowsPowerShell\v1.0\;C:\Windows\System32\OpenSSH\;C:\Program Files\dotnet\;C:\Program Files\Intel\Intel(R) Management Engine Components\DAL;C:\Program Files\Intel\Intel(R) Management Engine Components\IPT;C:\Program Files (x86)\Intel\Intel(R) Management Engine Components\DAL;C:\Program Files (x86)\Intel\Intel(R) Management Engine Components\IPT;C:\ProgramData\chocolatey\bin;C:\Program Files\nodejs\;C:\Users\aanan\AppData\Local\Android\Sdk\platform-tools;C:\Users\aanan\AppData\Local\Microsoft\WindowsApps;;C:\Users\aanan\AppData\Local\Programs\Microsoft VS Code\bin;C:\Users\aanan\AppData\Roaming\npm
USERNAME=Devendra
OS=Windows_NT
PROCESSOR_IDENTIFIER=Intel64 Family 6 Model 69 Stepping 1, GenuineIntel
TMP=C:\Users\aanan\AppData\Local\Temp
TEMP=C:\Users\aanan\AppData\Local\Temp



---------------  S Y S T E M  ---------------

OS: Windows 10 , 64 bit Build 19041 (10.0.19041.3636)
OS uptime: 0 days 0:08 hours

CPU:total 4 (initial active 4) (2 cores per cpu, 2 threads per core) family 6 model 69 stepping 1 microcode 0x25, cmov, cx8, fxsr, mmx, sse, sse2, sse3, ssse3, sse4.1, sse4.2, popcnt, avx, avx2, aes, clmul, erms, lzcnt, ht, tsc, tscinvbit, bmi1, bmi2, fma

Memory: 4k page, system-wide physical 6024M (556M free)
TotalPageFile size 8072M (AvailPageFile size 7M)
current process WorkingSet (physical memory assigned to process): 318M, peak: 326M
current process commit charge ("private bytes"): 364M, peak: 367M

vm_info: OpenJDK 64-Bit Server VM (11.0.20+8-LTS) for windows-amd64 JRE (11.0.20+8-LTS), built on Jul  7 2023 17:05:21 by "MicrosoftCorporation" with MS VC++ 15.9 (VS2017)

END.
